\BOOKMARK [0][-]{chapter.1}{\376\377\0001\000\040\000a\000b\000e\000c\000e\000d\000n\000i\000\040\000s\000e\000z\000n\000a\000m}{}% 1
\BOOKMARK [1][-]{section.1.1}{\376\377\0001\000.\0001\000\040\000k\000r\000a\000t\000e\000k\000\040\000o\000p\000i\000s\000\040\000r\000a\000z\000r\000e\000d\000o\000v}{chapter.1}% 2
\BOOKMARK [0][-]{chapter.2}{\376\377\0002\000\040\000s\000e\000z\000n\000a\000m\000\040\000d\000a\000t\000o\000t\000e\000k}{}% 3
\BOOKMARK [1][-]{section.2.1}{\376\377\0002\000.\0001\000\040\000s\000e\000z\000n\000a\000m\000\040\000d\000a\000t\000o\000t\000e\000k}{chapter.2}% 4
\BOOKMARK [0][-]{chapter.3}{\376\377\0003\000\040\000O\000p\000i\000s\000\040\000r\000a\000z\000r\000e\000d\000a}{}% 5
\BOOKMARK [1][-]{section.3.1}{\376\377\0003\000.\0001\000\040\000\040\000M\000n\000o\001\176\000i\000c\000a\000\040\000f\000l\0002\000b\000y\000t\000e\0004\000b}{chapter.3}% 6
\BOOKMARK [2][-]{subsection.3.1.1}{\376\377\0003\000.\0001\000.\0001\000\040\000P\000o\000d\000r\000o\000b\000e\000n\000\040\000o\000p\000i\000s}{section.3.1}% 7
\BOOKMARK [2][-]{subsection.3.1.2}{\376\377\0003\000.\0001\000.\0002\000\040\000O\000p\000i\000s\000\040\000a\000t\000r\000i\000b\000u\000t\000o\000v}{section.3.1}% 8
\BOOKMARK [3][-]{subsubsection.3.1.2.1}{\376\377\0003\000.\0001\000.\0002\000.\0001\000\040\000b\000y}{subsection.3.1.2}% 9
\BOOKMARK [3][-]{subsubsection.3.1.2.2}{\376\377\0003\000.\0001\000.\0002\000.\0002\000\040\000f\000v\000a\000l}{subsection.3.1.2}% 10
\BOOKMARK [1][-]{section.3.2}{\376\377\0003\000.\0002\000\040\000\040\000M\000n\000o\001\176\000i\000c\000a\000\040\000u\000i\0002\000b\000y\000t\000e\0002}{chapter.3}% 11
\BOOKMARK [2][-]{subsection.3.2.1}{\376\377\0003\000.\0002\000.\0001\000\040\000P\000o\000d\000r\000o\000b\000e\000n\000\040\000o\000p\000i\000s}{section.3.2}% 12
\BOOKMARK [2][-]{subsection.3.2.2}{\376\377\0003\000.\0002\000.\0002\000\040\000O\000p\000i\000s\000\040\000a\000t\000r\000i\000b\000u\000t\000o\000v}{section.3.2}% 13
\BOOKMARK [3][-]{subsubsection.3.2.2.1}{\376\377\0003\000.\0002\000.\0002\000.\0001\000\040\000b\000y}{subsection.3.2.2}% 14
\BOOKMARK [3][-]{subsubsection.3.2.2.2}{\376\377\0003\000.\0002\000.\0002\000.\0002\000\040\000u\000i\000v\000a\000l}{subsection.3.2.2}% 15
\BOOKMARK [1][-]{section.3.3}{\376\377\0003\000.\0003\000\040\000\040\000M\000n\000o\001\176\000i\000c\000a\000\040\000u\000l\0002\000b\000y\000t\000e\0004\000b}{chapter.3}% 16
\BOOKMARK [2][-]{subsection.3.3.1}{\376\377\0003\000.\0003\000.\0001\000\040\000P\000o\000d\000r\000o\000b\000e\000n\000\040\000o\000p\000i\000s}{section.3.3}% 17
\BOOKMARK [2][-]{subsection.3.3.2}{\376\377\0003\000.\0003\000.\0002\000\040\000O\000p\000i\000s\000\040\000a\000t\000r\000i\000b\000u\000t\000o\000v}{section.3.3}% 18
\BOOKMARK [3][-]{subsubsection.3.3.2.1}{\376\377\0003\000.\0003\000.\0002\000.\0001\000\040\000b\000y}{subsection.3.3.2}% 19
\BOOKMARK [3][-]{subsubsection.3.3.2.2}{\376\377\0003\000.\0003\000.\0002\000.\0002\000\040\000u\000l\000v\000a\000l}{subsection.3.3.2}% 20
\BOOKMARK [0][-]{chapter.4}{\376\377\0004\000\040\000O\000p\000i\000s\000\040\000d\000a\000t\000o\000t\000e\000k\000e}{}% 21
\BOOKMARK [1][-]{section.4.1}{\376\377\0004\000.\0001\000\040\000D\000a\000t\000o\000t\000e\000k\000a\000\040\000/\000/\000P\000r\000o\0000\0003\000/\000g\000i\000t\000h\000u\000b\000/\000K\000o\000n\000t\000r\000o\000l\000e\000r\000T\000C\000\137\000H\000/\000K\000o\000n\000t\000r\000o\000l\000e\000r\000T\000C\000\137\000M\000e\000g\000a\0002\0005\0006\0000\000\137\000v\0001\000/\000C\000a\000s\000\137\000f\000u\000n\000k\000c\000i\000j\000e\000.\000h}{chapter.4}% 22
\BOOKMARK [2][-]{subsection.4.1.1}{\376\377\0004\000.\0001\000.\0001\000\040\000O\000p\000i\000s\000\040\000f\000u\000n\000k\000c\000i\000j\000e}{section.4.1}% 23
\BOOKMARK [3][-]{subsubsection.4.1.1.1}{\376\377\0004\000.\0001\000.\0001\000.\0001\000\040\000I\000s\000W\000e\000e\000k\000e\000n\000d}{subsection.4.1.1}% 24
\BOOKMARK [3][-]{subsubsection.4.1.1.2}{\376\377\0004\000.\0001\000.\0001\000.\0002\000\040\000N\000a\000r\000e\000d\000i\000T\000i\000m\000e\000S\000t\000r}{subsection.4.1.1}% 25
\BOOKMARK [1][-]{section.4.2}{\376\377\0004\000.\0002\000\040\000D\000a\000t\000o\000t\000e\000k\000a\000\040\000/\000/\000P\000r\000o\0000\0003\000/\000g\000i\000t\000h\000u\000b\000/\000K\000o\000n\000t\000r\000o\000l\000e\000r\000T\000C\000\137\000H\000/\000K\000o\000n\000t\000r\000o\000l\000e\000r\000T\000C\000\137\000M\000e\000g\000a\0002\0005\0006\0000\000\137\000v\0001\000/\000C\000o\000n\000f\000i\000g\000u\000r\000a\000t\000i\000o\000n\000.\000h}{chapter.4}% 26
\BOOKMARK [2][-]{subsection.4.2.1}{\376\377\0004\000.\0002\000.\0001\000\040\000O\000p\000i\000s\000\040\000m\000a\000k\000r\000o\000\040\000d\000e\000f\000i\000n\000i\000c\000i\000j\000e}{section.4.2}% 27
\BOOKMARK [3][-]{subsubsection.4.2.1.1}{\376\377\0004\000.\0002\000.\0001\000.\0001\000\040\000A\000T\0002\0004\000C\0003\0002\000\137\000A\000D\000D\000R\000\137\000L\000E\000N\000G\000H}{subsection.4.2.1}% 28
\BOOKMARK [3][-]{subsubsection.4.2.1.2}{\376\377\0004\000.\0002\000.\0001\000.\0002\000\040\000A\000T\0002\0004\000C\0003\0002\000\137\000I\0002\000C\000\137\000A\000D\000D\000R}{subsection.4.2.1}% 29
\BOOKMARK [3][-]{subsubsection.4.2.1.3}{\376\377\0004\000.\0002\000.\0001\000.\0003\000\040\000A\000T\0002\0004\000C\0003\0002\000\137\000M\000A\000X\000\137\000A\000D\000D\000R}{subsection.4.2.1}% 30
\BOOKMARK [3][-]{subsubsection.4.2.1.4}{\376\377\0004\000.\0002\000.\0001\000.\0004\000\040\000B\000E\000E\000P\000\137\000P\000I\000N}{subsection.4.2.1}% 31
\BOOKMARK [3][-]{subsubsection.4.2.1.5}{\376\377\0004\000.\0002\000.\0001\000.\0005\000\040\000C\000E\000V\000\137\000T\000E\000R\000M\000\137\000O\000F\000F}{subsection.4.2.1}% 32
\BOOKMARK [3][-]{subsubsection.4.2.1.6}{\376\377\0004\000.\0002\000.\0001\000.\0006\000\040\000C\000E\000V\000\137\000T\000E\000R\000M\000\137\000O\000N}{subsection.4.2.1}% 33
\BOOKMARK [3][-]{subsubsection.4.2.1.7}{\376\377\0004\000.\0002\000.\0001\000.\0007\000\040\000C\000E\000V\000T\000E\000R\000M\000\137\000P\000E\000C\000\137\000T\000C}{subsection.4.2.1}% 34
\BOOKMARK [3][-]{subsubsection.4.2.1.8}{\376\377\0004\000.\0002\000.\0001\000.\0008\000\040\000C\000O\000\137\000D\000O\000U\000T\000\137\000P\000I\000N}{subsection.4.2.1}% 35
\BOOKMARK [3][-]{subsubsection.4.2.1.9}{\376\377\0004\000.\0002\000.\0001\000.\0009\000\040\000C\000O\000\137\000P\000W\000R\000\137\000P\000I\000N}{subsection.4.2.1}% 36
\BOOKMARK [3][-]{subsubsection.4.2.1.10}{\376\377\0004\000.\0002\000.\0001\000.\0001\0000\000\040\000C\000O\000\137\000S\000E\000N\000S\000\137\000A\000P\000I\000N}{subsection.4.2.1}% 37
\BOOKMARK [3][-]{subsubsection.4.2.1.11}{\376\377\0004\000.\0002\000.\0001\000.\0001\0001\000\040\000C\000R\000P\000A\000L\000K\000A\000\137\0000}{subsection.4.2.1}% 38
\BOOKMARK [3][-]{subsubsection.4.2.1.12}{\376\377\0004\000.\0002\000.\0001\000.\0001\0002\000\040\000D\000H\000T\000P\000I\000N}{subsection.4.2.1}% 39
\BOOKMARK [3][-]{subsubsection.4.2.1.13}{\376\377\0004\000.\0002\000.\0001\000.\0001\0003\000\040\000D\000H\000T\000T\000Y\000P\000E}{subsection.4.2.1}% 40
\BOOKMARK [3][-]{subsubsection.4.2.1.14}{\376\377\0004\000.\0002\000.\0001\000.\0001\0004\000\040\000D\000S\0001\0003\0000\0007\000\137\000C\000T\000R\000L\000\137\000I\000D}{subsection.4.2.1}% 41
\BOOKMARK [3][-]{subsubsection.4.2.1.15}{\376\377\0004\000.\0002\000.\0001\000.\0001\0005\000\040\000E\000N\000C\000\137\000C\000L\000K\000\137\000P\000I\000N}{subsection.4.2.1}% 42
\BOOKMARK [3][-]{subsubsection.4.2.1.16}{\376\377\0004\000.\0002\000.\0001\000.\0001\0006\000\040\000E\000N\000C\000\137\000D\000T\000\137\000P\000I\000N}{subsection.4.2.1}% 43
\BOOKMARK [3][-]{subsubsection.4.2.1.17}{\376\377\0004\000.\0002\000.\0001\000.\0001\0007\000\040\000E\000N\000C\000\137\000P\000I\000N\000\137\000A}{subsection.4.2.1}% 44
\BOOKMARK [3][-]{subsubsection.4.2.1.18}{\376\377\0004\000.\0002\000.\0001\000.\0001\0008\000\040\000E\000N\000C\000\137\000P\000I\000N\000\137\000B}{subsection.4.2.1}% 45
\BOOKMARK [3][-]{subsubsection.4.2.1.19}{\376\377\0004\000.\0002\000.\0001\000.\0001\0009\000\040\000E\000N\000C\000\137\000S\000W\000\137\000P\000I\000N}{subsection.4.2.1}% 46
\BOOKMARK [3][-]{subsubsection.4.2.1.20}{\376\377\0004\000.\0002\000.\0001\000.\0002\0000\000\040\000E\000T\000H\000E\000R\000\137\000C\000S\000\137\000P\000I\000N}{subsection.4.2.1}% 47
\BOOKMARK [3][-]{subsubsection.4.2.1.21}{\376\377\0004\000.\0002\000.\0001\000.\0002\0001\000\040\000E\000T\000H\000E\000R\000\137\000R\000E\000S\000E\000T\000\137\000P\000I\000N}{subsection.4.2.1}% 48
\BOOKMARK [3][-]{subsubsection.4.2.1.22}{\376\377\0004\000.\0002\000.\0001\000.\0002\0002\000\040\000L\000C\000D\000\137\000D\0004}{subsection.4.2.1}% 49
\BOOKMARK [3][-]{subsubsection.4.2.1.23}{\376\377\0004\000.\0002\000.\0001\000.\0002\0003\000\040\000L\000C\000D\000\137\000D\0005}{subsection.4.2.1}% 50
\BOOKMARK [3][-]{subsubsection.4.2.1.24}{\376\377\0004\000.\0002\000.\0001\000.\0002\0004\000\040\000L\000C\000D\000\137\000D\0006}{subsection.4.2.1}% 51
\BOOKMARK [3][-]{subsubsection.4.2.1.25}{\376\377\0004\000.\0002\000.\0001\000.\0002\0005\000\040\000L\000C\000D\000\137\000D\0007}{subsection.4.2.1}% 52
\BOOKMARK [3][-]{subsubsection.4.2.1.26}{\376\377\0004\000.\0002\000.\0001\000.\0002\0006\000\040\000L\000C\000D\000\137\000E\000N}{subsection.4.2.1}% 53
\BOOKMARK [3][-]{subsubsection.4.2.1.27}{\376\377\0004\000.\0002\000.\0001\000.\0002\0007\000\040\000L\000C\000D\000\137\000O\000S\000W\000\137\000S\000W}{subsection.4.2.1}% 54
\BOOKMARK [3][-]{subsubsection.4.2.1.28}{\376\377\0004\000.\0002\000.\0001\000.\0002\0008\000\040\000L\000C\000D\000\137\000R\000S}{subsection.4.2.1}% 55
\BOOKMARK [3][-]{subsubsection.4.2.1.29}{\376\377\0004\000.\0002\000.\0001\000.\0002\0009\000\040\000M\000A\000X\000\137\000D\000H\000T\0002\0002\000\137\000S\000E\000N\000S}{subsection.4.2.1}% 56
\BOOKMARK [3][-]{subsubsection.4.2.1.30}{\376\377\0004\000.\0002\000.\0001\000.\0003\0000\000\040\000M\000A\000X\000S\000E\000N\000S\000O\000R\000S}{subsection.4.2.1}% 57
\BOOKMARK [3][-]{subsubsection.4.2.1.31}{\376\377\0004\000.\0002\000.\0001\000.\0003\0001\000\040\000M\000A\000X\000S\000E\000N\000S\000O\000R\000S\000\137\000D\000S}{subsection.4.2.1}% 58
\BOOKMARK [3][-]{subsubsection.4.2.1.32}{\376\377\0004\000.\0002\000.\0001\000.\0003\0002\000\040\000N\000E\000D}{subsection.4.2.1}% 59
\BOOKMARK [3][-]{subsubsection.4.2.1.33}{\376\377\0004\000.\0002\000.\0001\000.\0003\0003\000\040\000N\000R\000F\0002\0004\000\137\000C\000E}{subsection.4.2.1}% 60
\BOOKMARK [3][-]{subsubsection.4.2.1.34}{\376\377\0004\000.\0002\000.\0001\000.\0003\0004\000\040\000N\000R\000F\0002\0004\000\137\000C\000S\000N}{subsection.4.2.1}% 61
\BOOKMARK [3][-]{subsubsection.4.2.1.35}{\376\377\0004\000.\0002\000.\0001\000.\0003\0005\000\040\000O\000K\000O\000L\000I\000C\000A\000\137\0000}{subsection.4.2.1}% 62
\BOOKMARK [3][-]{subsubsection.4.2.1.36}{\376\377\0004\000.\0002\000.\0001\000.\0003\0006\000\040\000O\000N\000E\000\137\000W\000I\000R\000E\000\137\000B\000U\000S}{subsection.4.2.1}% 63
\BOOKMARK [3][-]{subsubsection.4.2.1.37}{\376\377\0004\000.\0002\000.\0001\000.\0003\0007\000\040\000P\000E\000C\000\137\000D\000V}{subsection.4.2.1}% 64
\BOOKMARK [3][-]{subsubsection.4.2.1.38}{\376\377\0004\000.\0002\000.\0001\000.\0003\0008\000\040\000P\000E\000C\000\137\000P\000V}{subsection.4.2.1}% 65
\BOOKMARK [3][-]{subsubsection.4.2.1.39}{\376\377\0004\000.\0002\000.\0001\000.\0003\0009\000\040\000P\000E\000C\000\137\000T\000C\000\137\000D\000V}{subsection.4.2.1}% 66
\BOOKMARK [3][-]{subsubsection.4.2.1.40}{\376\377\0004\000.\0002\000.\0001\000.\0004\0000\000\040\000R\000\137\000C\000R\000A\000D\000\137\000O\000F\000F}{subsection.4.2.1}% 67
\BOOKMARK [3][-]{subsubsection.4.2.1.41}{\376\377\0004\000.\0002\000.\0001\000.\0004\0001\000\040\000R\000\137\000C\000R\000A\000D\000\137\000O\000N}{subsection.4.2.1}% 68
\BOOKMARK [3][-]{subsubsection.4.2.1.42}{\376\377\0004\000.\0002\000.\0001\000.\0004\0002\000\040\000R\000\137\000C\000T\000C\000\137\000O\000F\000F}{subsection.4.2.1}% 69
\BOOKMARK [3][-]{subsubsection.4.2.1.43}{\376\377\0004\000.\0002\000.\0001\000.\0004\0003\000\040\000R\000\137\000C\000T\000C\000\137\000O\000N}{subsection.4.2.1}% 70
\BOOKMARK [3][-]{subsubsection.4.2.1.44}{\376\377\0004\000.\0002\000.\0001\000.\0004\0004\000\040\000R\000\137\000T\000C\000\137\000E\000G\000R\000E\000L\000\137\000O\000F\000F}{subsection.4.2.1}% 71
\BOOKMARK [3][-]{subsubsection.4.2.1.45}{\376\377\0004\000.\0002\000.\0001\000.\0004\0005\000\040\000R\000\137\000T\000C\000\137\000E\000G\000R\000E\000L\000\137\000O\000N}{subsection.4.2.1}% 72
\BOOKMARK [3][-]{subsubsection.4.2.1.46}{\376\377\0004\000.\0002\000.\0001\000.\0004\0006\000\040\000R\000\137\000T\000C\000\137\000K\000O\000M\000P\000\137\000O\000F\000F}{subsection.4.2.1}% 73
\BOOKMARK [3][-]{subsubsection.4.2.1.47}{\376\377\0004\000.\0002\000.\0001\000.\0004\0007\000\040\000R\000\137\000T\000C\000\137\000K\000O\000M\000P\000\137\000O\000N}{subsection.4.2.1}% 74
\BOOKMARK [3][-]{subsubsection.4.2.1.48}{\376\377\0004\000.\0002\000.\0001\000.\0004\0008\000\040\000R\000\137\000T\000C\000\137\000V\000E\000N\000T\000\137\000O\000F\000F}{subsection.4.2.1}% 75
\BOOKMARK [3][-]{subsubsection.4.2.1.49}{\376\377\0004\000.\0002\000.\0001\000.\0004\0009\000\040\000R\000\137\000T\000C\000\137\000V\000E\000N\000T\000\137\000O\000N}{subsection.4.2.1}% 76
\BOOKMARK [3][-]{subsubsection.4.2.1.50}{\376\377\0004\000.\0002\000.\0001\000.\0005\0000\000\040\000R\000A\000D\000\137\000D\000V}{subsection.4.2.1}% 77
\BOOKMARK [3][-]{subsubsection.4.2.1.51}{\376\377\0004\000.\0002\000.\0001\000.\0005\0001\000\040\000R\000A\000D\000\137\000P\000V}{subsection.4.2.1}% 78
\BOOKMARK [3][-]{subsubsection.4.2.1.52}{\376\377\0004\000.\0002\000.\0001\000.\0005\0002\000\040\000R\000E\000L\000E\000\137\000C\000R\000A\000D}{subsection.4.2.1}% 79
\BOOKMARK [3][-]{subsubsection.4.2.1.53}{\376\377\0004\000.\0002\000.\0001\000.\0005\0003\000\040\000R\000E\000L\000E\000\137\000C\000T\000C}{subsection.4.2.1}% 80
\BOOKMARK [3][-]{subsubsection.4.2.1.54}{\376\377\0004\000.\0002\000.\0001\000.\0005\0004\000\040\000R\000E\000L\000E\000\137\000T\000C\000\137\000E\000G\000R\000E\000L}{subsection.4.2.1}% 81
\BOOKMARK [3][-]{subsubsection.4.2.1.55}{\376\377\0004\000.\0002\000.\0001\000.\0005\0005\000\040\000R\000E\000L\000E\000\137\000T\000C\000\137\000K\000O\000M\000P}{subsection.4.2.1}% 82
\BOOKMARK [3][-]{subsubsection.4.2.1.56}{\376\377\0004\000.\0002\000.\0001\000.\0005\0006\000\040\000R\000E\000L\000E\000\137\000T\000C\000\137\000V\000E\000N\000T}{subsection.4.2.1}% 83
\BOOKMARK [3][-]{subsubsection.4.2.1.57}{\376\377\0004\000.\0002\000.\0001\000.\0005\0007\000\040\000S\000D\000\137\000C\000S\000\137\000P\000I\000N}{subsection.4.2.1}% 84
\BOOKMARK [3][-]{subsubsection.4.2.1.58}{\376\377\0004\000.\0002\000.\0001\000.\0005\0008\000\040\000S\000E\000N\000S\000\137\0003\000V\0003\000\137\000S\000D}{subsection.4.2.1}% 85
\BOOKMARK [3][-]{subsubsection.4.2.1.59}{\376\377\0004\000.\0002\000.\0001\000.\0005\0009\000\040\000S\000E\000N\000S\000\137\000R\000T\000C\000\137\000B\000A\000T\000T}{subsection.4.2.1}% 86
\BOOKMARK [3][-]{subsubsection.4.2.1.60}{\376\377\0004\000.\0002\000.\0001\000.\0006\0000\000\040\000S\000E\000N\000S\000\137\000T\000O\000K}{subsection.4.2.1}% 87
\BOOKMARK [3][-]{subsubsection.4.2.1.61}{\376\377\0004\000.\0002\000.\0001\000.\0006\0001\000\040\000S\000E\000N\000S\000\137\000T\000O\000K\000\137\0001\0002\000V}{subsection.4.2.1}% 88
\BOOKMARK [3][-]{subsubsection.4.2.1.62}{\376\377\0004\000.\0002\000.\0001\000.\0006\0002\000\040\000S\000E\000N\000S\000\137\000V\0001\0002}{subsection.4.2.1}% 89
\BOOKMARK [3][-]{subsubsection.4.2.1.63}{\376\377\0004\000.\0002\000.\0001\000.\0006\0003\000\040\000S\000E\000N\000S\000\137\000V\0005\000\137\0002}{subsection.4.2.1}% 90
\BOOKMARK [3][-]{subsubsection.4.2.1.64}{\376\377\0004\000.\0002\000.\0001\000.\0006\0004\000\040\000S\000E\000N\000S\000\137\000V\0005\000\137\0003}{subsection.4.2.1}% 91
\BOOKMARK [3][-]{subsubsection.4.2.1.65}{\376\377\0004\000.\0002\000.\0001\000.\0006\0005\000\040\000S\000O\000B}{subsection.4.2.1}% 92
\BOOKMARK [3][-]{subsubsection.4.2.1.66}{\376\377\0004\000.\0002\000.\0001\000.\0006\0006\000\040\000S\000T\000A\000T\000E\000\137\000C\000R\000P\000\137\000T\000C\000\137\000O\000F\000F}{subsection.4.2.1}% 93
\BOOKMARK [3][-]{subsubsection.4.2.1.67}{\376\377\0004\000.\0002\000.\0001\000.\0006\0007\000\040\000S\000T\000A\000T\000E\000\137\000C\000R\000P\000\137\000T\000C\000\137\000O\000N}{subsection.4.2.1}% 94
\BOOKMARK [3][-]{subsubsection.4.2.1.68}{\376\377\0004\000.\0002\000.\0001\000.\0006\0008\000\040\000S\000T\000A\000T\000E\000\137\000T\000C\000\137\000O\000F\000F}{subsection.4.2.1}% 95
\BOOKMARK [3][-]{subsubsection.4.2.1.69}{\376\377\0004\000.\0002\000.\0001\000.\0006\0009\000\040\000S\000T\000A\000T\000E\000\137\000T\000C\000\137\000O\000N}{subsection.4.2.1}% 96
\BOOKMARK [3][-]{subsubsection.4.2.1.70}{\376\377\0004\000.\0002\000.\0001\000.\0007\0000\000\040\000S\000T\000A\000T\000E\000\137\000V\000E\000N\000T\000\137\000T\000C\000\137\000N\000D\000E\000F}{subsection.4.2.1}% 97
\BOOKMARK [3][-]{subsubsection.4.2.1.71}{\376\377\0004\000.\0002\000.\0001\000.\0007\0001\000\040\000S\000T\000A\000T\000E\000\137\000V\000E\000N\000T\000\137\000T\000C\000\137\000O\000F\000F}{subsection.4.2.1}% 98
\BOOKMARK [3][-]{subsubsection.4.2.1.72}{\376\377\0004\000.\0002\000.\0001\000.\0007\0002\000\040\000S\000T\000A\000T\000E\000\137\000V\000E\000N\000T\000\137\000T\000C\000\137\000O\000N}{subsection.4.2.1}% 99
\BOOKMARK [3][-]{subsubsection.4.2.1.73}{\376\377\0004\000.\0002\000.\0001\000.\0007\0003\000\040\000S\000T\000I\000K\000A\000L\000O\000\137\000C\000R\000P\000\137\000R\000A\000D\000\137\000O\000F\000F}{subsection.4.2.1}% 100
\BOOKMARK [3][-]{subsubsection.4.2.1.74}{\376\377\0004\000.\0002\000.\0001\000.\0007\0004\000\040\000S\000T\000I\000K\000A\000L\000O\000\137\000C\000R\000P\000\137\000R\000A\000D\000\137\000O\000N}{subsection.4.2.1}% 101
\BOOKMARK [3][-]{subsubsection.4.2.1.75}{\376\377\0004\000.\0002\000.\0001\000.\0007\0005\000\040\000S\000T\000I\000K\000A\000L\000O\000\137\000C\000R\000P\000\137\000T\000C\000\137\000O\000F\000F}{subsection.4.2.1}% 102
\BOOKMARK [3][-]{subsubsection.4.2.1.76}{\376\377\0004\000.\0002\000.\0001\000.\0007\0006\000\040\000S\000T\000I\000K\000A\000L\000O\000\137\000C\000R\000P\000\137\000T\000C\000\137\000O\000N}{subsection.4.2.1}% 103
\BOOKMARK [3][-]{subsubsection.4.2.1.77}{\376\377\0004\000.\0002\000.\0001\000.\0007\0007\000\040\000S\000T\000I\000K\000A\000L\000O\000\137\000T\000C\000\137\000O\000F\000F}{subsection.4.2.1}% 104
\BOOKMARK [3][-]{subsubsection.4.2.1.78}{\376\377\0004\000.\0002\000.\0001\000.\0007\0008\000\040\000S\000T\000I\000K\000A\000L\000O\000\137\000T\000C\000\137\000O\000N}{subsection.4.2.1}% 105
\BOOKMARK [3][-]{subsubsection.4.2.1.79}{\376\377\0004\000.\0002\000.\0001\000.\0007\0009\000\040\000T\000\137\000K\000T\000Y\000P\000\137\0000\0001\000\137\000P\000I\000N}{subsection.4.2.1}% 106
\BOOKMARK [3][-]{subsubsection.4.2.1.80}{\376\377\0004\000.\0002\000.\0001\000.\0008\0000\000\040\000T\000I\000M\000E\000\137\000H\000E\000A\000D\000E\000R}{subsection.4.2.1}% 107
\BOOKMARK [3][-]{subsubsection.4.2.1.81}{\376\377\0004\000.\0002\000.\0001\000.\0008\0001\000\040\000T\000I\000M\000E\000\137\000M\000S\000G\000\137\000L\000E\000N}{subsection.4.2.1}% 108
\BOOKMARK [3][-]{subsubsection.4.2.1.82}{\376\377\0004\000.\0002\000.\0001\000.\0008\0002\000\040\000U\000S\000E\000E\000G\000R\000E\000L\000E\000C}{subsection.4.2.1}% 109
\BOOKMARK [3][-]{subsubsection.4.2.1.83}{\376\377\0004\000.\0002\000.\0001\000.\0008\0003\000\040\000V\000E\000N\000T\000T\000C\000\137\0001}{subsection.4.2.1}% 110
\BOOKMARK [3][-]{subsubsection.4.2.1.84}{\376\377\0004\000.\0002\000.\0001\000.\0008\0004\000\040\000V\000E\000N\000T\000T\000C\000\137\0002}{subsection.4.2.1}% 111
\BOOKMARK [3][-]{subsubsection.4.2.1.85}{\376\377\0004\000.\0002\000.\0001\000.\0008\0005\000\040\000V\000E\000N\000T\000T\000C\000\137\000E\000N}{subsection.4.2.1}% 112
\BOOKMARK [3][-]{subsubsection.4.2.1.86}{\376\377\0004\000.\0002\000.\0001\000.\0008\0006\000\040\000V\000E\000R\000S\000I\000O\000N}{subsection.4.2.1}% 113
\BOOKMARK [2][-]{subsection.4.2.2}{\376\377\0004\000.\0002\000.\0002\000\040\000O\000p\000i\000s\000\040\000u\000p\000o\000r\000a\000b\000n\000i\001\141\000k\000o\000\040\000d\000e\000f\000i\000n\000i\000r\000a\000n\000e\000g\000a\000\040\000t\000i\000p\000a}{section.4.2}% 114
\BOOKMARK [3][-]{subsubsection.4.2.2.1}{\376\377\0004\000.\0002\000.\0002\000.\0001\000\040\000D\000e\000v\000i\000c\000e\000A\000d\000d\000r\000e\000s\000s}{subsection.4.2.2}% 115
\BOOKMARK [2][-]{subsection.4.2.3}{\376\377\0004\000.\0002\000.\0003\000\040\000O\000p\000i\000s\000\040\000f\000u\000n\000k\000c\000i\000j\000e}{section.4.2}% 116
\BOOKMARK [3][-]{subsubsection.4.2.3.1}{\376\377\0004\000.\0002\000.\0003\000.\0001\000\040\000B\000e\000e\000p}{subsection.4.2.3}% 117
\BOOKMARK [3][-]{subsubsection.4.2.3.2}{\376\377\0004\000.\0002\000.\0003\000.\0002\000\040\000d\000h\000t}{subsection.4.2.3}% 118
\BOOKMARK [3][-]{subsubsection.4.2.3.3}{\376\377\0004\000.\0002\000.\0003\000.\0003\000\040\000d\000s}{subsection.4.2.3}% 119
\BOOKMARK [3][-]{subsubsection.4.2.3.4}{\376\377\0004\000.\0002\000.\0003\000.\0004\000\040\000F\000i\000k\000s\000A\000d\000r\000r\000S\000e\000n\000s}{subsection.4.2.3}% 120
\BOOKMARK [3][-]{subsubsection.4.2.3.5}{\376\377\0004\000.\0002\000.\0003\000.\0005\000\040\000l\000c\000d\000A}{subsection.4.2.3}% 121
\BOOKMARK [2][-]{subsection.4.2.4}{\376\377\0004\000.\0002\000.\0004\000\040\000O\000p\000i\000s\000\040\000s\000p\000r\000e\000m\000e\000n\000l\000j\000i\000v\000k\000e}{section.4.2}% 122
\BOOKMARK [3][-]{subsubsection.4.2.4.1}{\376\377\0004\000.\0002\000.\0004\000.\0001\000\040\000a\000d\000d\000r\000D\000e\000l\000t\000a\000T\000h}{subsection.4.2.4}% 123
\BOOKMARK [3][-]{subsubsection.4.2.4.2}{\376\377\0004\000.\0002\000.\0004\000.\0002\000\040\000a\000d\000d\000r\000D\000e\000l\000t\000a\000T\000h\000O\000k}{subsection.4.2.4}% 124
\BOOKMARK [3][-]{subsubsection.4.2.4.3}{\376\377\0004\000.\0002\000.\0004\000.\0003\000\040\000a\000d\000d\000r\000D\000e\000l\000t\000a\000T\000h\000S\000t}{subsection.4.2.4}% 125
\BOOKMARK [3][-]{subsubsection.4.2.4.4}{\376\377\0004\000.\0002\000.\0004\000.\0004\000\040\000a\000d\000d\000r\000L\000a\000s\000t\000C\000h\000g}{subsection.4.2.4}% 126
\BOOKMARK [3][-]{subsubsection.4.2.4.5}{\376\377\0004\000.\0002\000.\0004\000.\0005\000\040\000a\000d\000d\000r\000L\000a\000s\000t\000H\000o\000u\000r\000T\000e\000m\000p}{subsection.4.2.4}% 127
\BOOKMARK [3][-]{subsubsection.4.2.4.6}{\376\377\0004\000.\0002\000.\0004\000.\0006\000\040\000a\000d\000d\000r\000O\000n\000T\000i\000m\000e}{subsection.4.2.4}% 128
\BOOKMARK [3][-]{subsubsection.4.2.4.7}{\376\377\0004\000.\0002\000.\0004\000.\0007\000\040\000a\000d\000d\000r\000P\000r\000e\000v\000T\000C\000S\000t\000a\000t\000e}{subsection.4.2.4}% 129
\BOOKMARK [3][-]{subsubsection.4.2.4.8}{\376\377\0004\000.\0002\000.\0004\000.\0008\000\040\000a\000d\000d\000r\000T\000e\000m\000p\000B\000a\000c\000k}{subsection.4.2.4}% 130
\BOOKMARK [3][-]{subsubsection.4.2.4.9}{\376\377\0004\000.\0002\000.\0004\000.\0009\000\040\000c\000a\000s\000M\000e\000r\000i\000t\000v\000e}{subsection.4.2.4}% 131
\BOOKMARK [3][-]{subsubsection.4.2.4.10}{\376\377\0004\000.\0002\000.\0004\000.\0001\0000\000\040\000c\000H\000u\000m\000i\000d\000e\000x}{subsection.4.2.4}% 132
\BOOKMARK [3][-]{subsubsection.4.2.4.11}{\376\377\0004\000.\0002\000.\0004\000.\0001\0001\000\040\000c\000i\000l\000j\000n\000a\000T\000e\000m\000p}{subsection.4.2.4}% 133
\BOOKMARK [3][-]{subsubsection.4.2.4.12}{\376\377\0004\000.\0002\000.\0004\000.\0001\0002\000\040\000c\000i\000l\000j\000n\000a\000T\000e\000m\000p\000W\000e\000e\000k\000e\000n\000d}{subsection.4.2.4}% 134
\BOOKMARK [3][-]{subsubsection.4.2.4.13}{\376\377\0004\000.\0002\000.\0004\000.\0001\0003\000\040\000c\000o\000R\000a\000w\000V\000a\000l}{subsection.4.2.4}% 135
\BOOKMARK [3][-]{subsubsection.4.2.4.14}{\376\377\0004\000.\0002\000.\0004\000.\0001\0004\000\040\000c\000r\000p\000R\000a\000d\000A\000s\000A\000b\000s\000T\000e\000m\000p}{subsection.4.2.4}% 136
\BOOKMARK [3][-]{subsubsection.4.2.4.15}{\376\377\0004\000.\0002\000.\0004\000.\0001\0005\000\040\000c\000T\000e\000m\000p\000e\000r\000a\000t\000u\000r\000a}{subsection.4.2.4}% 137
\BOOKMARK [3][-]{subsubsection.4.2.4.16}{\376\377\0004\000.\0002\000.\0004\000.\0001\0006\000\040\000c\000T\000e\000m\000p\000R\000o\000s\000i\000c\000s\000a}{subsection.4.2.4}% 138
\BOOKMARK [3][-]{subsubsection.4.2.4.17}{\376\377\0004\000.\0002\000.\0004\000.\0001\0007\000\040\000c\000V\000l\000a\000z\000n\000o\000s\000t}{subsection.4.2.4}% 139
\BOOKMARK [3][-]{subsubsection.4.2.4.18}{\376\377\0004\000.\0002\000.\0004\000.\0001\0008\000\040\000d\000e\000l\000t\000a\000T\000h}{subsection.4.2.4}% 140
\BOOKMARK [3][-]{subsubsection.4.2.4.19}{\376\377\0004\000.\0002\000.\0004\000.\0001\0009\000\040\000d\000e\000l\000t\000a\000T\000h\000O\000k}{subsection.4.2.4}% 141
\BOOKMARK [3][-]{subsubsection.4.2.4.20}{\376\377\0004\000.\0002\000.\0004\000.\0002\0000\000\040\000d\000e\000l\000t\000a\000T\000h\000S\000t}{subsection.4.2.4}% 142
\BOOKMARK [3][-]{subsubsection.4.2.4.21}{\376\377\0004\000.\0002\000.\0004\000.\0002\0001\000\040\000d\000o\000l\000P\000r\000e\000h\000O\000b\000d}{subsection.4.2.4}% 143
\BOOKMARK [3][-]{subsubsection.4.2.4.22}{\376\377\0004\000.\0002\000.\0004\000.\0002\0002\000\040\000d\000T\000e\000m\000p}{subsection.4.2.4}% 144
\BOOKMARK [3][-]{subsubsection.4.2.4.23}{\376\377\0004\000.\0002\000.\0004\000.\0002\0003\000\040\000h\000i\000s\000t\000C\000r\000p\000T\000C}{subsection.4.2.4}% 145
\BOOKMARK [3][-]{subsubsection.4.2.4.24}{\376\377\0004\000.\0002\000.\0004\000.\0002\0004\000\040\000h\000i\000s\000t\000L\000e\000n}{subsection.4.2.4}% 146
\BOOKMARK [3][-]{subsubsection.4.2.4.25}{\376\377\0004\000.\0002\000.\0004\000.\0002\0005\000\040\000h\000i\000t\000r\000G\000r\000e\000t}{subsection.4.2.4}% 147
\BOOKMARK [3][-]{subsubsection.4.2.4.26}{\376\377\0004\000.\0002\000.\0004\000.\0002\0006\000\040\000i\000n\000f\000o\000E\000r\000r}{subsection.4.2.4}% 148
\BOOKMARK [3][-]{subsubsection.4.2.4.27}{\376\377\0004\000.\0002\000.\0004\000.\0002\0007\000\040\000i\000s\000C\000r\000p\000R\000a\000d\000A\000s\000A\000b\000s\000T\000e\000m\000p}{subsection.4.2.4}% 149
\BOOKMARK [3][-]{subsubsection.4.2.4.28}{\376\377\0004\000.\0002\000.\0004\000.\0002\0008\000\040\000k\000T\000y\000p\000e\000O\000f\000f\000s\000e\000t}{subsection.4.2.4}% 150
\BOOKMARK [3][-]{subsubsection.4.2.4.29}{\376\377\0004\000.\0002\000.\0004\000.\0002\0009\000\040\000l\000a\000s\000t\000C\000r\000p\000R\000a\000d\000S\000t\000a\000t\000e\000C\000h\000g}{subsection.4.2.4}% 151
\BOOKMARK [3][-]{subsubsection.4.2.4.30}{\376\377\0004\000.\0002\000.\0004\000.\0003\0000\000\040\000l\000a\000s\000t\000C\000r\000p\000T\000C\000S\000t\000a\000t\000e\000C\000h\000g}{subsection.4.2.4}% 152
\BOOKMARK [3][-]{subsubsection.4.2.4.31}{\376\377\0004\000.\0002\000.\0004\000.\0003\0001\000\040\000l\000a\000s\000t\000D\000e\000l\000t\000a\000T\000h}{subsection.4.2.4}% 153
\BOOKMARK [3][-]{subsubsection.4.2.4.32}{\376\377\0004\000.\0002\000.\0004\000.\0003\0002\000\040\000l\000a\000s\000t\000D\000e\000l\000t\000a\000T\000h\000O\000k}{subsection.4.2.4}% 154
\BOOKMARK [3][-]{subsubsection.4.2.4.33}{\376\377\0004\000.\0002\000.\0004\000.\0003\0003\000\040\000l\000a\000s\000t\000D\000e\000l\000t\000a\000T\000h\000S\000t}{subsection.4.2.4}% 155
\BOOKMARK [3][-]{subsubsection.4.2.4.34}{\376\377\0004\000.\0002\000.\0004\000.\0003\0004\000\040\000l\000a\000s\000t\000H\000o\000u\000r\000T\000e\000m\000p\000C\000h\000a\000n\000g\000e}{subsection.4.2.4}% 156
\BOOKMARK [3][-]{subsubsection.4.2.4.35}{\376\377\0004\000.\0002\000.\0004\000.\0003\0005\000\040\000l\000a\000s\000t\000R\000u\000n\000T\000i\000m\000e}{subsection.4.2.4}% 157
\BOOKMARK [3][-]{subsubsection.4.2.4.36}{\376\377\0004\000.\0002\000.\0004\000.\0003\0006\000\040\000l\000a\000s\000t\000T\000C\000S\000t\000a\000t\000e\000C\000h\000g}{subsection.4.2.4}% 158
\BOOKMARK [3][-]{subsubsection.4.2.4.37}{\376\377\0004\000.\0002\000.\0004\000.\0003\0007\000\040\000l\000i\000m\000T\000e\000m\000p\000C\000r\000p\000R\000a\000d}{subsection.4.2.4}% 159
\BOOKMARK [3][-]{subsubsection.4.2.4.38}{\376\377\0004\000.\0002\000.\0004\000.\0003\0008\000\040\000l\000i\000m\000T\000e\000m\000p\000F\000a\000c\000t\000C\000r\000p\000R\000a\000d}{subsection.4.2.4}% 160
\BOOKMARK [3][-]{subsubsection.4.2.4.39}{\376\377\0004\000.\0002\000.\0004\000.\0003\0009\000\040\000m\000a\000n\000u\000C\000r\000p\000T\000C\000S\000t\000a\000t\000e}{subsection.4.2.4}% 161
\BOOKMARK [3][-]{subsubsection.4.2.4.40}{\376\377\0004\000.\0002\000.\0004\000.\0004\0000\000\040\000m\000a\000x\000\137\000T\000e\000m\000p\000O\000K\000\137\000T\000C\000K\000o\000m\000p}{subsection.4.2.4}% 162
\BOOKMARK [3][-]{subsubsection.4.2.4.41}{\376\377\0004\000.\0002\000.\0004\000.\0004\0001\000\040\000m\000a\000x\000D\000e\000l\000t\000a\000D\000e\000v}{subsection.4.2.4}% 163
\BOOKMARK [3][-]{subsubsection.4.2.4.42}{\376\377\0004\000.\0002\000.\0004\000.\0004\0002\000\040\000m\000a\000x\000D\000o\000v\000T\000e\000m\000p\000V\000o\000d\000e\000T\000C\000\137\000K\000o\000m\000p}{subsection.4.2.4}% 164
\BOOKMARK [3][-]{subsubsection.4.2.4.43}{\376\377\0004\000.\0002\000.\0004\000.\0004\0003\000\040\000m\000a\000x\000T\000e\000m\000p\000D\000V\000P\000e\000c}{subsection.4.2.4}% 165
\BOOKMARK [3][-]{subsubsection.4.2.4.44}{\376\377\0004\000.\0002\000.\0004\000.\0004\0004\000\040\000m\000a\000x\000T\000e\000m\000p\000P\000V\000R\000a\000d}{subsection.4.2.4}% 166
\BOOKMARK [3][-]{subsubsection.4.2.4.45}{\376\377\0004\000.\0002\000.\0004\000.\0004\0005\000\040\000m\000a\000x\000T\000o\000k\000\137\0001\0002\000V}{subsection.4.2.4}% 167
\BOOKMARK [3][-]{subsubsection.4.2.4.46}{\376\377\0004\000.\0002\000.\0004\000.\0004\0006\000\040\000m\000e\000j\000a\000T\000o\000k\000a}{subsection.4.2.4}% 168
\BOOKMARK [3][-]{subsubsection.4.2.4.47}{\376\377\0004\000.\0002\000.\0004\000.\0004\0007\000\040\000m\000e\000r\000X\000M\000i\000n}{subsection.4.2.4}% 169
\BOOKMARK [3][-]{subsubsection.4.2.4.48}{\376\377\0004\000.\0002\000.\0004\000.\0004\0008\000\040\000m\000i\000n\000\137\000T\000e\000m\000p\000O\000K\000\137\000T\000C\000K\000o\000m\000p}{subsection.4.2.4}% 170
\BOOKMARK [3][-]{subsubsection.4.2.4.49}{\376\377\0004\000.\0002\000.\0004\000.\0004\0009\000\040\000m\000i\000n\000C\000r\000p\000R\000a\000d\000R\000u\000n\000T\000i\000m\000e\000M\000i\000n}{subsection.4.2.4}% 171
\BOOKMARK [3][-]{subsubsection.4.2.4.50}{\376\377\0004\000.\0002\000.\0004\000.\0005\0000\000\040\000m\000i\000n\000C\000r\000p\000T\000C\000R\000u\000n\000T\000i\000m\000e\000M\000i\000n}{subsection.4.2.4}% 172
\BOOKMARK [3][-]{subsubsection.4.2.4.51}{\376\377\0004\000.\0002\000.\0004\000.\0005\0001\000\040\000m\000i\000n\000D\000i\000f\000f\000D\000v\000O\000k\000o\000l\000C\000r\000p\000R\000a\000d}{subsection.4.2.4}% 173
\BOOKMARK [3][-]{subsubsection.4.2.4.52}{\376\377\0004\000.\0002\000.\0004\000.\0005\0002\000\040\000m\000i\000n\000D\000i\000f\000f\000T\000C\000P\000e\000c}{subsection.4.2.4}% 174
\BOOKMARK [3][-]{subsubsection.4.2.4.53}{\376\377\0004\000.\0002\000.\0004\000.\0005\0003\000\040\000m\000i\000n\000M\000e\000j\000n\000a\000T\000e\000m\000p\000R\000e\000l}{subsection.4.2.4}% 175
\BOOKMARK [3][-]{subsubsection.4.2.4.54}{\376\377\0004\000.\0002\000.\0004\000.\0005\0004\000\040\000m\000i\000n\000R\000u\000n\000T\000i\000m\000e\000M\000i\000n}{subsection.4.2.4}% 176
\BOOKMARK [3][-]{subsubsection.4.2.4.55}{\376\377\0004\000.\0002\000.\0004\000.\0005\0005\000\040\000m\000i\000n\000T\000e\000m\000p\000N\000i\000g\000h\000t\000O\000n}{subsection.4.2.4}% 177
\BOOKMARK [3][-]{subsubsection.4.2.4.56}{\376\377\0004\000.\0002\000.\0004\000.\0005\0006\000\040\000m\000i\000n\000T\000e\000m\000p\000P\000e\000c\000P\000o\000n\000o\000v\000n\000o\000O\000d\000p\000V\000e\000n\000t}{subsection.4.2.4}% 178
\BOOKMARK [3][-]{subsubsection.4.2.4.57}{\376\377\0004\000.\0002\000.\0004\000.\0005\0007\000\040\000m\000i\000n\000T\000e\000m\000p\000V\000T\000O\000n}{subsection.4.2.4}% 179
\BOOKMARK [3][-]{subsubsection.4.2.4.58}{\376\377\0004\000.\0002\000.\0004\000.\0005\0008\000\040\000n\000M\000e\000r\000T\000o\000k\000\137\0001\0002\000V}{subsection.4.2.4}% 180
\BOOKMARK [3][-]{subsubsection.4.2.4.59}{\376\377\0004\000.\0002\000.\0004\000.\0005\0009\000\040\000n\000u\000m\000S\000e\000n\000s}{subsection.4.2.4}% 181
\BOOKMARK [3][-]{subsubsection.4.2.4.60}{\376\377\0004\000.\0002\000.\0004\000.\0006\0000\000\040\000n\000u\000m\000S\000e\000n\000s\000D\000H\000T\0002\0002}{subsection.4.2.4}% 182
\BOOKMARK [3][-]{subsubsection.4.2.4.61}{\376\377\0004\000.\0002\000.\0004\000.\0006\0001\000\040\000n\000u\000m\000S\000e\000n\000s\000D\000S}{subsection.4.2.4}% 183
\BOOKMARK [3][-]{subsubsection.4.2.4.62}{\376\377\0004\000.\0002\000.\0004\000.\0006\0002\000\040\000n\000u\000m\000S\000e\000n\000s\000K}{subsection.4.2.4}% 184
\BOOKMARK [3][-]{subsubsection.4.2.4.63}{\376\377\0004\000.\0002\000.\0004\000.\0006\0003\000\040\000o\000n\000T\000i\000m\000e\000C\000r\000p\000R\000a\000d}{subsection.4.2.4}% 185
\BOOKMARK [3][-]{subsubsection.4.2.4.64}{\376\377\0004\000.\0002\000.\0004\000.\0006\0004\000\040\000o\000n\000T\000i\000m\000e\000C\000r\000p\000T\000C}{subsection.4.2.4}% 186
\BOOKMARK [3][-]{subsubsection.4.2.4.65}{\376\377\0004\000.\0002\000.\0004\000.\0006\0005\000\040\000o\000n\000T\000i\000m\000e\000T\000C}{subsection.4.2.4}% 187
\BOOKMARK [3][-]{subsubsection.4.2.4.66}{\376\377\0004\000.\0002\000.\0004\000.\0006\0006\000\040\000o\000s\000v\000e\000t\000l\000i\000t\000e\000v\000L\000C\000D}{subsection.4.2.4}% 188
\BOOKMARK [3][-]{subsubsection.4.2.4.67}{\376\377\0004\000.\0002\000.\0004\000.\0006\0007\000\040\000p\000o\000r\000a\000b\000a\000W\000H}{subsection.4.2.4}% 189
\BOOKMARK [3][-]{subsubsection.4.2.4.68}{\376\377\0004\000.\0002\000.\0004\000.\0006\0008\000\040\000p\000r\000e\000v\000C\000a\000s\000M\000e\000r\000i\000t\000v\000e}{subsection.4.2.4}% 190
\BOOKMARK [3][-]{subsubsection.4.2.4.69}{\376\377\0004\000.\0002\000.\0004\000.\0006\0009\000\040\000p\000r\000e\000v\000C\000r\000p\000R\000a\000d\000S\000t\000a\000t\000e}{subsection.4.2.4}% 191
\BOOKMARK [3][-]{subsubsection.4.2.4.70}{\376\377\0004\000.\0002\000.\0004\000.\0007\0000\000\040\000p\000r\000e\000v\000T\000C\000S\000t\000a\000t\000e}{subsection.4.2.4}% 192
\BOOKMARK [3][-]{subsubsection.4.2.4.71}{\376\377\0004\000.\0002\000.\0004\000.\0007\0001\000\040\000Q\000v}{subsection.4.2.4}% 193
\BOOKMARK [3][-]{subsubsection.4.2.4.72}{\376\377\0004\000.\0002\000.\0004\000.\0007\0002\000\040\000r\000e\000l\000e\000S\000t\000a\000t\000e\000\137\000e\000g\000r\000e\000l\000e\000c\000T\000C}{subsection.4.2.4}% 194
\BOOKMARK [3][-]{subsubsection.4.2.4.73}{\376\377\0004\000.\0002\000.\0004\000.\0007\0003\000\040\000r\000e\000l\000e\000S\000t\000a\000t\000e\000\137\000k\000o\000m\000p\000T\000C}{subsection.4.2.4}% 195
\BOOKMARK [3][-]{subsubsection.4.2.4.74}{\376\377\0004\000.\0002\000.\0004\000.\0007\0004\000\040\000r\000e\000l\000e\000S\000t\000a\000t\000e\000\137\000v\000e\000n\000t\000K\000o\000m\000p\000T\000C}{subsection.4.2.4}% 196
\BOOKMARK [3][-]{subsubsection.4.2.4.75}{\376\377\0004\000.\0002\000.\0004\000.\0007\0005\000\040\000s\000e\000n\000s\000o\000r\000I\000m\000e}{subsection.4.2.4}% 197
\BOOKMARK [3][-]{subsubsection.4.2.4.76}{\376\377\0004\000.\0002\000.\0004\000.\0007\0006\000\040\000s\000h\000o\000w\000C\000R\000C}{subsection.4.2.4}% 198
\BOOKMARK [3][-]{subsubsection.4.2.4.77}{\376\377\0004\000.\0002\000.\0004\000.\0007\0007\000\040\000s\000t\000a\000r\000t\000T\000e\000m\000p}{subsection.4.2.4}% 199
\BOOKMARK [3][-]{subsubsection.4.2.4.78}{\376\377\0004\000.\0002\000.\0004\000.\0007\0008\000\040\000s\000t\000a\000r\000t\000U\000r\000a\000N\000T}{subsection.4.2.4}% 200
\BOOKMARK [3][-]{subsubsection.4.2.4.79}{\376\377\0004\000.\0002\000.\0004\000.\0007\0009\000\040\000s\000t\000a\000r\000t\000U\000r\000a\000V\000T}{subsection.4.2.4}% 201
\BOOKMARK [3][-]{subsubsection.4.2.4.80}{\376\377\0004\000.\0002\000.\0004\000.\0008\0000\000\040\000s\000t\000a\000t\000e\000T\000C}{subsection.4.2.4}% 202
\BOOKMARK [3][-]{subsubsection.4.2.4.81}{\376\377\0004\000.\0002\000.\0004\000.\0008\0001\000\040\000s\000u\000m\000T\000e\000m\000p}{subsection.4.2.4}% 203
\BOOKMARK [3][-]{subsubsection.4.2.4.82}{\376\377\0004\000.\0002\000.\0004\000.\0008\0002\000\040\000s\000u\000m\000T\000o\000k\000\137\0001\0002\000V}{subsection.4.2.4}% 204
\BOOKMARK [3][-]{subsubsection.4.2.4.83}{\376\377\0004\000.\0002\000.\0004\000.\0008\0003\000\040\000t\000e\000m\000p\000I\000z\000k\000l\000o\000p\000a\000V\000e\000n\000t\000C\000r\000p\000T\000C}{subsection.4.2.4}% 205
\BOOKMARK [3][-]{subsubsection.4.2.4.84}{\376\377\0004\000.\0002\000.\0004\000.\0008\0004\000\040\000t\000e\000m\000p\000O\000k\000o\000l\000i\000c\000a\000S\000t}{subsection.4.2.4}% 206
\BOOKMARK [3][-]{subsubsection.4.2.4.85}{\376\377\0004\000.\0002\000.\0004\000.\0008\0005\000\040\000t\000e\000m\000p\000V\000k\000l\000o\000p\000a\000C\000r\000p\000T\000C}{subsection.4.2.4}% 207
\BOOKMARK [3][-]{subsubsection.4.2.4.86}{\376\377\0004\000.\0002\000.\0004\000.\0008\0006\000\040\000t\000K\000o\000m\000p\000O\000K}{subsection.4.2.4}% 208
\BOOKMARK [3][-]{subsubsection.4.2.4.87}{\376\377\0004\000.\0002\000.\0004\000.\0008\0007\000\040\000t\000K\000o\000m\000p\000S\000t}{subsection.4.2.4}% 209
\BOOKMARK [3][-]{subsubsection.4.2.4.88}{\376\377\0004\000.\0002\000.\0004\000.\0008\0008\000\040\000t\000y\000p\000e\000\137\000s}{subsection.4.2.4}% 210
\BOOKMARK [3][-]{subsubsection.4.2.4.89}{\376\377\0004\000.\0002\000.\0004\000.\0008\0009\000\040\000u\0002}{subsection.4.2.4}% 211
\BOOKMARK [3][-]{subsubsection.4.2.4.90}{\376\377\0004\000.\0002\000.\0004\000.\0009\0000\000\040\000u\0004}{subsection.4.2.4}% 212
\BOOKMARK [3][-]{subsubsection.4.2.4.91}{\376\377\0004\000.\0002\000.\0004\000.\0009\0001\000\040\000u\000f}{subsection.4.2.4}% 213
\BOOKMARK [3][-]{subsubsection.4.2.4.92}{\376\377\0004\000.\0002\000.\0004\000.\0009\0002\000\040\000u\000r\000a\000V\000T\000e\000m\000p}{subsection.4.2.4}% 214
\BOOKMARK [3][-]{subsubsection.4.2.4.93}{\376\377\0004\000.\0002\000.\0004\000.\0009\0003\000\040\000v\000c\000c\000I\000n\000t\000e\000r\000n\000a\000l}{subsection.4.2.4}% 215
\BOOKMARK [3][-]{subsubsection.4.2.4.94}{\376\377\0004\000.\0002\000.\0004\000.\0009\0004\000\040\000V\000r\000m\000s}{subsection.4.2.4}% 216
\BOOKMARK [3][-]{subsubsection.4.2.4.95}{\376\377\0004\000.\0002\000.\0004\000.\0009\0005\000\040\000W\000e}{subsection.4.2.4}% 217
\BOOKMARK [3][-]{subsubsection.4.2.4.96}{\376\377\0004\000.\0002\000.\0004\000.\0009\0006\000\040\000z\000a\000c\000P\000o\000r\000a\000b\000a\000W\000H}{subsection.4.2.4}% 218
\BOOKMARK [3][-]{subsubsection.4.2.4.97}{\376\377\0004\000.\0002\000.\0004\000.\0009\0007\000\040\000z\000a\000k\000s\000n\000i\000t\000e\000v\000C\000r\000p\000V\000e\000n\000t\000\137\000S\000e\000c}{subsection.4.2.4}% 219
\BOOKMARK [3][-]{subsubsection.4.2.4.98}{\376\377\0004\000.\0002\000.\0004\000.\0009\0008\000\040\000z\000a\000m\000i\000k\000M\000e\000r\000T\000e\000m\000p}{subsection.4.2.4}% 220
\BOOKMARK [3][-]{subsubsection.4.2.4.99}{\376\377\0004\000.\0002\000.\0004\000.\0009\0009\000\040\000z\000a\000p\000i\000s\000X\000M\000i\000n}{subsection.4.2.4}% 221
\BOOKMARK [1][-]{section.4.3}{\376\377\0004\000.\0003\000\040\000D\000a\000t\000o\000t\000e\000k\000a\000\040\000/\000/\000P\000r\000o\0000\0003\000/\000g\000i\000t\000h\000u\000b\000/\000K\000o\000n\000t\000r\000o\000l\000e\000r\000T\000C\000\137\000H\000/\000K\000o\000n\000t\000r\000o\000l\000e\000r\000T\000C\000\137\000M\000e\000g\000a\0002\0005\0006\0000\000\137\000v\0001\000/\000E\000n\000c\000o\000d\000e\000r\000\137\000b\000u\000t\000t\000.\000h}{chapter.4}% 222
\BOOKMARK [2][-]{subsection.4.3.1}{\376\377\0004\000.\0003\000.\0001\000\040\000O\000p\000i\000s\000\040\000f\000u\000n\000k\000c\000i\000j\000e}{section.4.3}% 223
\BOOKMARK [3][-]{subsubsection.4.3.1.1}{\376\377\0004\000.\0003\000.\0001\000.\0001\000\040\000d\000o\000E\000n\000c\000o\000d\000e\000r\000A}{subsection.4.3.1}% 224
\BOOKMARK [3][-]{subsubsection.4.3.1.2}{\376\377\0004\000.\0003\000.\0001\000.\0002\000\040\000d\000o\000E\000n\000c\000o\000d\000e\000r\000B}{subsection.4.3.1}% 225
\BOOKMARK [3][-]{subsubsection.4.3.1.3}{\376\377\0004\000.\0003\000.\0001\000.\0003\000\040\000E\000n\000c\000o\000d\000e\000r\000\137\000c\000h\000e\000c\000k}{subsection.4.3.1}% 226
\BOOKMARK [3][-]{subsubsection.4.3.1.4}{\376\377\0004\000.\0003\000.\0001\000.\0004\000\040\000E\000n\000c\000o\000d\000e\000r\000\137\000i\000n\000i\000t}{subsection.4.3.1}% 227
\BOOKMARK [3][-]{subsubsection.4.3.1.5}{\376\377\0004\000.\0003\000.\0001\000.\0005\000\040\000I\000z\000p\000i\000s\000N\000a\000L\000C\000D}{subsection.4.3.1}% 228
\BOOKMARK [2][-]{subsection.4.3.2}{\376\377\0004\000.\0003\000.\0002\000\040\000O\000p\000i\000s\000\040\000s\000p\000r\000e\000m\000e\000n\000l\000j\000i\000v\000k\000e}{section.4.3}% 229
\BOOKMARK [3][-]{subsubsection.4.3.2.1}{\376\377\0004\000.\0003\000.\0002\000.\0001\000\040\000A\000\137\000s\000e\000t}{subsection.4.3.2}% 230
\BOOKMARK [3][-]{subsubsection.4.3.2.2}{\376\377\0004\000.\0003\000.\0002\000.\0002\000\040\000B\000\137\000s\000e\000t}{subsection.4.3.2}% 231
\BOOKMARK [3][-]{subsubsection.4.3.2.3}{\376\377\0004\000.\0003\000.\0002\000.\0003\000\040\000r\000o\000t\000a\000t\000i\000n\000g}{subsection.4.3.2}% 232
\BOOKMARK [3][-]{subsubsection.4.3.2.4}{\376\377\0004\000.\0003\000.\0002\000.\0004\000\040\000v\000i\000r\000t\000u\000a\000l\000P\000o\000s\000i\000t\000i\000o\000n}{subsection.4.3.2}% 233
\BOOKMARK [1][-]{section.4.4}{\376\377\0004\000.\0004\000\040\000D\000a\000t\000o\000t\000e\000k\000a\000\040\000/\000/\000P\000r\000o\0000\0003\000/\000g\000i\000t\000h\000u\000b\000/\000K\000o\000n\000t\000r\000o\000l\000e\000r\000T\000C\000\137\000H\000/\000K\000o\000n\000t\000r\000o\000l\000e\000r\000T\000C\000\137\000M\000e\000g\000a\0002\0005\0006\0000\000\137\000v\0001\000/\000E\000p\000r\000o\000m\000\137\000e\000x\000t\000e\000r\000n\000a\000l\000.\000h}{chapter.4}% 234
\BOOKMARK [2][-]{subsection.4.4.1}{\376\377\0004\000.\0004\000.\0001\000\040\000O\000p\000i\000s\000\040\000f\000u\000n\000k\000c\000i\000j\000e}{section.4.4}% 235
\BOOKMARK [3][-]{subsubsection.4.4.1.1}{\376\377\0004\000.\0004\000.\0001\000.\0001\000\040\000i\0002\000c\000\137\000e\000e\000p\000r\000o\000m\000\137\000r\000e\000a\000d\000\137\000b\000u\000f\000f\000e\000r}{subsection.4.4.1}% 236
\BOOKMARK [3][-]{subsubsection.4.4.1.2}{\376\377\0004\000.\0004\000.\0001\000.\0002\000\040\000i\0002\000c\000\137\000e\000e\000p\000r\000o\000m\000\137\000r\000e\000a\000d\000\137\000b\000y\000t\000e}{subsection.4.4.1}% 237
\BOOKMARK [3][-]{subsubsection.4.4.1.3}{\376\377\0004\000.\0004\000.\0001\000.\0003\000\040\000i\0002\000c\000\137\000e\000e\000p\000r\000o\000m\000\137\000w\000r\000i\000t\000e\000\137\000b\000y\000t\000e}{subsection.4.4.1}% 238
\BOOKMARK [3][-]{subsubsection.4.4.1.4}{\376\377\0004\000.\0004\000.\0001\000.\0004\000\040\000i\0002\000c\000\137\000e\000e\000p\000r\000o\000m\000\137\000w\000r\000i\000t\000e\000\137\000p\000a\000g\000e}{subsection.4.4.1}% 239
\BOOKMARK [3][-]{subsubsection.4.4.1.5}{\376\377\0004\000.\0004\000.\0001\000.\0005\000\040\000w\000a\000i\000t\000E\000E\000R\000e\000a\000d\000y}{subsection.4.4.1}% 240
\BOOKMARK [1][-]{section.4.5}{\376\377\0004\000.\0005\000\040\000D\000a\000t\000o\000t\000e\000k\000a\000\040\000/\000/\000P\000r\000o\0000\0003\000/\000g\000i\000t\000h\000u\000b\000/\000K\000o\000n\000t\000r\000o\000l\000e\000r\000T\000C\000\137\000H\000/\000K\000o\000n\000t\000r\000o\000l\000e\000r\000T\000C\000\137\000M\000e\000g\000a\0002\0005\0006\0000\000\137\000v\0001\000/\000E\000t\000h\000e\000r\000n\000e\000t\000\137\000f\000u\000n\000k\000.\000h}{chapter.4}% 241
\BOOKMARK [2][-]{subsection.4.5.1}{\376\377\0004\000.\0005\000.\0001\000\040\000O\000p\000i\000s\000\040\000f\000u\000n\000k\000c\000i\000j\000e}{section.4.5}% 242
\BOOKMARK [3][-]{subsubsection.4.5.1.1}{\376\377\0004\000.\0005\000.\0001\000.\0001\000\040\000C\000h\000e\000c\000k\000E\000t\000h\000e\000r\000n\000e\000t}{subsection.4.5.1}% 243
\BOOKMARK [3][-]{subsubsection.4.5.1.2}{\376\377\0004\000.\0005\000.\0001\000.\0002\000\040\000D\000e\000v\000i\000c\000e\000H\000u\000b}{subsection.4.5.1}% 244
\BOOKMARK [3][-]{subsubsection.4.5.1.3}{\376\377\0004\000.\0005\000.\0001\000.\0003\000\040\000E\000t\000h\000e\000r\000n\000e\000t\000I\000n\000i\000t}{subsection.4.5.1}% 245
\BOOKMARK [3][-]{subsubsection.4.5.1.4}{\376\377\0004\000.\0005\000.\0001\000.\0004\000\040\000E\000t\000h\000e\000r\000n\000e\000t\000I\000z\000p\000i\000s\000I\000n\000f\000o}{subsection.4.5.1}% 246
\BOOKMARK [3][-]{subsubsection.4.5.1.5}{\376\377\0004\000.\0005\000.\0001\000.\0005\000\040\000g\000o\000t\000P\000i\000n\000g\000e\000d}{subsection.4.5.1}% 247
\BOOKMARK [3][-]{subsubsection.4.5.1.6}{\376\377\0004\000.\0005\000.\0001\000.\0006\000\040\000h\000o\000m\000e\000P\000a\000g\000e}{subsection.4.5.1}% 248
\BOOKMARK [3][-]{subsubsection.4.5.1.7}{\376\377\0004\000.\0005\000.\0001\000.\0007\000\040\000m\000y\000\137\000c\000a\000l\000l\000b\000a\000c\000k}{subsection.4.5.1}% 249
\BOOKMARK [3][-]{subsubsection.4.5.1.8}{\376\377\0004\000.\0005\000.\0001\000.\0008\000\040\000S\000e\000n\000d\000T\000o\000P\000r\000o\000c}{subsection.4.5.1}% 250
\BOOKMARK [2][-]{subsection.4.5.2}{\376\377\0004\000.\0005\000.\0002\000\040\000O\000p\000i\000s\000\040\000s\000p\000r\000e\000m\000e\000n\000l\000j\000i\000v\000k\000e}{section.4.5}% 251
\BOOKMARK [3][-]{subsubsection.4.5.2.1}{\376\377\0004\000.\0005\000.\0002\000.\0001\000\040\000b\000f\000i\000l\000l}{subsection.4.5.2}% 252
\BOOKMARK [3][-]{subsubsection.4.5.2.2}{\376\377\0004\000.\0005\000.\0002\000.\0002\000\040\000d\000e\000b\000u\000g\000D\000e\000v\000i\000c\000e\000H\000u\000b}{subsection.4.5.2}% 253
\BOOKMARK [3][-]{subsubsection.4.5.2.3}{\376\377\0004\000.\0005\000.\0002\000.\0003\000\040\000d\000e\000v\000i\000c\000e\000H\000u\000b\000\137\000i\000p}{subsection.4.5.2}% 254
\BOOKMARK [3][-]{subsubsection.4.5.2.4}{\376\377\0004\000.\0005\000.\0002\000.\0004\000\040\000d\000n\000s\000i\000p}{subsection.4.5.2}% 255
\BOOKMARK [3][-]{subsubsection.4.5.2.5}{\376\377\0004\000.\0005\000.\0002\000.\0005\000\040\000g\000w\000i\000p}{subsection.4.5.2}% 256
\BOOKMARK [3][-]{subsubsection.4.5.2.6}{\376\377\0004\000.\0005\000.\0002\000.\0006\000\040\000i\000p\000m\000a\000s\000k}{subsection.4.5.2}% 257
\BOOKMARK [3][-]{subsubsection.4.5.2.7}{\376\377\0004\000.\0005\000.\0002\000.\0007\000\040\000m\000y\000i\000p}{subsection.4.5.2}% 258
\BOOKMARK [3][-]{subsubsection.4.5.2.8}{\376\377\0004\000.\0005\000.\0002\000.\0008\000\040\000m\000y\000m\000a\000c}{subsection.4.5.2}% 259
\BOOKMARK [3][-]{subsubsection.4.5.2.9}{\376\377\0004\000.\0005\000.\0002\000.\0009\000\040\000p\000i\000n\000g\000\137\0001}{subsection.4.5.2}% 260
\BOOKMARK [3][-]{subsubsection.4.5.2.10}{\376\377\0004\000.\0005\000.\0002\000.\0001\0000\000\040\000p\000r\000o\000c\000\137\000i\000p}{subsection.4.5.2}% 261
\BOOKMARK [3][-]{subsubsection.4.5.2.11}{\376\377\0004\000.\0005\000.\0002\000.\0001\0001\000\040\000P\000R\000O\000G\000M\000E\000M}{subsection.4.5.2}% 262
\BOOKMARK [1][-]{section.4.6}{\376\377\0004\000.\0006\000\040\000D\000a\000t\000o\000t\000e\000k\000a\000\040\000/\000/\000P\000r\000o\0000\0003\000/\000g\000i\000t\000h\000u\000b\000/\000K\000o\000n\000t\000r\000o\000l\000e\000r\000T\000C\000\137\000H\000/\000K\000o\000n\000t\000r\000o\000l\000e\000r\000T\000C\000\137\000M\000e\000g\000a\0002\0005\0006\0000\000\137\000v\0001\000/\000G\000a\000s\000\137\000S\000e\000n\000s\000o\000r\000.\000h}{chapter.4}% 263
\BOOKMARK [2][-]{subsection.4.6.1}{\376\377\0004\000.\0006\000.\0001\000\040\000O\000p\000i\000s\000\040\000m\000a\000k\000r\000o\000\040\000d\000e\000f\000i\000n\000i\000c\000i\000j\000e}{section.4.6}% 264
\BOOKMARK [3][-]{subsubsection.4.6.1.1}{\376\377\0004\000.\0006\000.\0001\000.\0001\000\040\000C\000O\000\137\000H\000E\000A\000T\000I\000N\000G\000\137\000O\000F\000F}{subsection.4.6.1}% 265
\BOOKMARK [3][-]{subsubsection.4.6.1.2}{\376\377\0004\000.\0006\000.\0001\000.\0002\000\040\000C\000O\000\137\000H\000E\000A\000T\000I\000N\000G\000\137\000O\000N}{subsection.4.6.1}% 266
\BOOKMARK [3][-]{subsubsection.4.6.1.3}{\376\377\0004\000.\0006\000.\0001\000.\0003\000\040\000C\000O\000\137\000H\000E\000A\000T\000I\000N\000G\000\137\000P\000W\000M\000\137\000L\000O\000W}{subsection.4.6.1}% 267
\BOOKMARK [3][-]{subsubsection.4.6.1.4}{\376\377\0004\000.\0006\000.\0001\000.\0004\000\040\000C\000O\000\137\000H\000E\000A\000T\000I\000N\000G\000\137\000S\000T\000A\000T\000E\000\137\000H\000I\000G\000H}{subsection.4.6.1}% 268
\BOOKMARK [3][-]{subsubsection.4.6.1.5}{\376\377\0004\000.\0006\000.\0001\000.\0005\000\040\000C\000O\000\137\000H\000E\000A\000T\000I\000N\000G\000\137\000S\000T\000A\000T\000E\000\137\000L\000O\000W}{subsection.4.6.1}% 269
\BOOKMARK [3][-]{subsubsection.4.6.1.6}{\376\377\0004\000.\0006\000.\0001\000.\0006\000\040\000C\000O\000\137\000H\000E\000A\000T\000I\000N\000G\000\137\000S\000T\000A\000T\000E\000\137\000O\000F\000F}{subsection.4.6.1}% 270
\BOOKMARK [3][-]{subsubsection.4.6.1.7}{\376\377\0004\000.\0006\000.\0001\000.\0007\000\040\000K\000o\000n\000t\000r\000o\000l\000e\000r\000\137\000T\000C\000\137\000h}{subsection.4.6.1}% 271
\BOOKMARK [2][-]{subsection.4.6.2}{\376\377\0004\000.\0006\000.\0002\000\040\000O\000p\000i\000s\000\040\000f\000u\000n\000k\000c\000i\000j\000e}{section.4.6}% 272
\BOOKMARK [3][-]{subsubsection.4.6.2.1}{\376\377\0004\000.\0006\000.\0002\000.\0001\000\040\000I\000n\000i\000t\000i\000l\000i\000z\000a\000c\000i\000j\000a\000\137\000C\000O}{subsection.4.6.2}% 273
\BOOKMARK [3][-]{subsubsection.4.6.2.2}{\376\377\0004\000.\0006\000.\0002\000.\0002\000\040\000P\000r\000e\000v\000e\000r\000i\000C\000O\000\137\000S\000e\000n\000z\000o\000r}{subsection.4.6.2}% 274
\BOOKMARK [2][-]{subsection.4.6.3}{\376\377\0004\000.\0006\000.\0003\000\040\000O\000p\000i\000s\000\040\000s\000p\000r\000e\000m\000e\000n\000l\000j\000i\000v\000k\000e}{section.4.6}% 275
\BOOKMARK [3][-]{subsubsection.4.6.3.1}{\376\377\0004\000.\0006\000.\0003\000.\0001\000\040\000c\000o\000R\000a\000w\000V\000a\000l\000M\000a\000x}{subsection.4.6.3}% 276
\BOOKMARK [3][-]{subsubsection.4.6.3.2}{\376\377\0004\000.\0006\000.\0003\000.\0002\000\040\000c\000o\000R\000a\000w\000V\000a\000l\000R\000e\000f}{subsection.4.6.3}% 277
\BOOKMARK [3][-]{subsubsection.4.6.3.3}{\376\377\0004\000.\0006\000.\0003\000.\0003\000\040\000c\000o\000R\000a\000w\000V\000a\000l\000S\000u\000m}{subsection.4.6.3}% 278
\BOOKMARK [3][-]{subsubsection.4.6.3.4}{\376\377\0004\000.\0006\000.\0003\000.\0004\000\040\000n\000u\000m\000M\000e\000r\000C\000O}{subsection.4.6.3}% 279
\BOOKMARK [1][-]{section.4.7}{\376\377\0004\000.\0007\000\040\000D\000a\000t\000o\000t\000e\000k\000a\000\040\000/\000/\000P\000r\000o\0000\0003\000/\000g\000i\000t\000h\000u\000b\000/\000K\000o\000n\000t\000r\000o\000l\000e\000r\000T\000C\000\137\000H\000/\000K\000o\000n\000t\000r\000o\000l\000e\000r\000T\000C\000\137\000M\000e\000g\000a\0002\0005\0006\0000\000\137\000v\0001\000/\000K\000o\000n\000t\000r\000\137\000T\000C\000.\000h}{chapter.4}% 280
\BOOKMARK [2][-]{subsection.4.7.1}{\376\377\0004\000.\0007\000.\0001\000\040\000O\000p\000i\000s\000\040\000m\000a\000k\000r\000o\000\040\000d\000e\000f\000i\000n\000i\000c\000i\000j\000e}{section.4.7}% 281
\BOOKMARK [3][-]{subsubsection.4.7.1.1}{\376\377\0004\000.\0007\000.\0001\000.\0001\000\040\000S\000T\000I\000K\000A\000L\000O\000\137\000C\000R\000P\000\137\000R\000A\000D}{subsection.4.7.1}% 282
\BOOKMARK [3][-]{subsubsection.4.7.1.2}{\376\377\0004\000.\0007\000.\0001\000.\0002\000\040\000S\000T\000I\000K\000A\000L\000O\000\137\000C\000R\000P\000\137\000T\000C}{subsection.4.7.1}% 283
\BOOKMARK [3][-]{subsubsection.4.7.1.3}{\376\377\0004\000.\0007\000.\0001\000.\0003\000\040\000S\000T\000I\000K\000A\000L\000O\000\137\000O\000F\000F}{subsection.4.7.1}% 284
\BOOKMARK [3][-]{subsubsection.4.7.1.4}{\376\377\0004\000.\0007\000.\0001\000.\0004\000\040\000S\000T\000I\000K\000A\000L\000O\000\137\000O\000N}{subsection.4.7.1}% 285
\BOOKMARK [3][-]{subsubsection.4.7.1.5}{\376\377\0004\000.\0007\000.\0001\000.\0005\000\040\000S\000T\000I\000K\000A\000L\000O\000\137\000S\000T\000A\000T\000E\000\137\000A\000U\000T}{subsection.4.7.1}% 286
\BOOKMARK [3][-]{subsubsection.4.7.1.6}{\376\377\0004\000.\0007\000.\0001\000.\0006\000\040\000S\000T\000I\000K\000A\000L\000O\000\137\000S\000T\000A\000T\000E\000\137\000O\000F\000F}{subsection.4.7.1}% 287
\BOOKMARK [3][-]{subsubsection.4.7.1.7}{\376\377\0004\000.\0007\000.\0001\000.\0007\000\040\000S\000T\000I\000K\000A\000L\000O\000\137\000S\000T\000A\000T\000E\000\137\000O\000N}{subsection.4.7.1}% 288
\BOOKMARK [3][-]{subsubsection.4.7.1.8}{\376\377\0004\000.\0007\000.\0001\000.\0008\000\040\000S\000T\000I\000K\000A\000L\000O\000\137\000T\000C}{subsection.4.7.1}% 289
\BOOKMARK [2][-]{subsection.4.7.2}{\376\377\0004\000.\0007\000.\0002\000\040\000O\000p\000i\000s\000\040\000f\000u\000n\000k\000c\000i\000j\000e}{section.4.7}% 290
\BOOKMARK [3][-]{subsubsection.4.7.2.1}{\376\377\0004\000.\0007\000.\0002\000.\0001\000\040\000B\000e\000e\000p}{subsection.4.7.2}% 291
\BOOKMARK [3][-]{subsubsection.4.7.2.2}{\376\377\0004\000.\0007\000.\0002\000.\0002\000\040\000I\000n\000i\000t\000P\000a\000r\000a\000m\000e\000t\000r\000i}{subsection.4.7.2}% 292
\BOOKMARK [3][-]{subsubsection.4.7.2.3}{\376\377\0004\000.\0007\000.\0002\000.\0003\000\040\000N\000a\000s\000t\000a\000v\000i\000t\000e\000v\000P\000i\000n\000o\000v}{subsection.4.7.2}% 293
\BOOKMARK [3][-]{subsubsection.4.7.2.4}{\376\377\0004\000.\0007\000.\0002\000.\0004\000\040\000P\000r\000e\000k\000l\000o\000p\000i\000C\000r\000p\000a\000l\000k\000o\000T\000C}{subsection.4.7.2}% 294
\BOOKMARK [3][-]{subsubsection.4.7.2.5}{\376\377\0004\000.\0007\000.\0002\000.\0005\000\040\000P\000r\000e\000v\000e\000r\000i\000S\000t\000i\000k\000a\000l\000a}{subsection.4.7.2}% 295
\BOOKMARK [2][-]{subsection.4.7.3}{\376\377\0004\000.\0007\000.\0003\000\040\000O\000p\000i\000s\000\040\000s\000p\000r\000e\000m\000e\000n\000l\000j\000i\000v\000k\000e}{section.4.7}% 296
\BOOKMARK [3][-]{subsubsection.4.7.3.1}{\376\377\0004\000.\0007\000.\0003\000.\0001\000\040\000s\000t\000i\000k\000a\000l\000o\000S\000t\000a\000t\000e}{subsection.4.7.3}% 297
\BOOKMARK [3][-]{subsubsection.4.7.3.2}{\376\377\0004\000.\0007\000.\0003\000.\0002\000\040\000s\000t\000i\000k\000a\000l\000o\000S\000t\000a\000t\000e\000T\000x\000t}{subsection.4.7.3}% 298
\BOOKMARK [1][-]{section.4.8}{\376\377\0004\000.\0008\000\040\000D\000a\000t\000o\000t\000e\000k\000a\000\040\000/\000/\000P\000r\000o\0000\0003\000/\000g\000i\000t\000h\000u\000b\000/\000K\000o\000n\000t\000r\000o\000l\000e\000r\000T\000C\000\137\000H\000/\000K\000o\000n\000t\000r\000o\000l\000e\000r\000T\000C\000\137\000M\000e\000g\000a\0002\0005\0006\0000\000\137\000v\0001\000/\000K\000o\000n\000t\000r\000\137\000T\000C\000\137\000i\000z\000v\000r\000s\000.\000h}{chapter.4}% 299
\BOOKMARK [2][-]{subsection.4.8.1}{\376\377\0004\000.\0008\000.\0001\000\040\000O\000p\000i\000s\000\040\000f\000u\000n\000k\000c\000i\000j\000e}{section.4.8}% 300
\BOOKMARK [3][-]{subsubsection.4.8.1.1}{\376\377\0004\000.\0008\000.\0001\000.\0001\000\040\000P\000r\000e\000k\000l\000o\000p\000i\000C\000r\000p\000a\000l\000k\000o\000R\000a\000d}{subsection.4.8.1}% 301
\BOOKMARK [3][-]{subsubsection.4.8.1.2}{\376\377\0004\000.\0008\000.\0001\000.\0002\000\040\000P\000r\000e\000k\000l\000o\000p\000i\000C\000r\000p\000a\000l\000k\000o\000T\000C}{subsection.4.8.1}% 302
\BOOKMARK [3][-]{subsubsection.4.8.1.3}{\376\377\0004\000.\0008\000.\0001\000.\0003\000\040\000P\000r\000e\000k\000l\000o\000p\000i\000V\000e\000n\000t\000i\000l\000T\000C\000P\000e\000c}{subsection.4.8.1}% 303
\BOOKMARK [3][-]{subsubsection.4.8.1.4}{\376\377\0004\000.\0008\000.\0001\000.\0004\000\040\000R\000e\000s\000e\000t\000C\000r\000p\000T\000C\000V\000z\000r}{subsection.4.8.1}% 304
\BOOKMARK [3][-]{subsubsection.4.8.1.5}{\376\377\0004\000.\0008\000.\0001\000.\0005\000\040\000Z\000a\000p\000i\000s\000i\000O\000n\000O\000f\000f\000S\000D}{subsection.4.8.1}% 305
\BOOKMARK [2][-]{subsection.4.8.2}{\376\377\0004\000.\0008\000.\0002\000\040\000O\000p\000i\000s\000\040\000s\000p\000r\000e\000m\000e\000n\000l\000j\000i\000v\000k\000e}{section.4.8}% 306
\BOOKMARK [3][-]{subsubsection.4.8.2.1}{\376\377\0004\000.\0008\000.\0002\000.\0001\000\040\000l\000a\000s\000t\000V\000e\000n\000t\000T\000C\000C\000h\000g}{subsection.4.8.2}% 307
\BOOKMARK [3][-]{subsubsection.4.8.2.2}{\376\377\0004\000.\0008\000.\0002\000.\0002\000\040\000p\000r\000e\000k\000l\000o\000p\000C\000r\000p\000T\000C\000V\000z\000r}{subsection.4.8.2}% 308
\BOOKMARK [3][-]{subsubsection.4.8.2.3}{\376\377\0004\000.\0008\000.\0002\000.\0003\000\040\000p\000r\000e\000v\000C\000r\000p\000T\000C\000S\000t\000a\000t\000e}{subsection.4.8.2}% 309
\BOOKMARK [3][-]{subsubsection.4.8.2.4}{\376\377\0004\000.\0008\000.\0002\000.\0004\000\040\000p\000r\000e\000v\000V\000e\000n\000t\000T\000C\000S\000t\000a\000t\000e}{subsection.4.8.2}% 310
\BOOKMARK [1][-]{section.4.9}{\376\377\0004\000.\0009\000\040\000D\000a\000t\000o\000t\000e\000k\000a\000\040\000/\000/\000P\000r\000o\0000\0003\000/\000g\000i\000t\000h\000u\000b\000/\000K\000o\000n\000t\000r\000o\000l\000e\000r\000T\000C\000\137\000H\000/\000K\000o\000n\000t\000r\000o\000l\000e\000r\000T\000C\000\137\000M\000e\000g\000a\0002\0005\0006\0000\000\137\000v\0001\000/\000K\000o\000n\000t\000r\000\137\000T\000C\000\137\000s\000p\000l\000.\000h}{chapter.4}% 311
\BOOKMARK [2][-]{subsection.4.9.1}{\376\377\0004\000.\0009\000.\0001\000\040\000O\000p\000i\000s\000\040\000f\000u\000n\000k\000c\000i\000j\000e}{section.4.9}% 312
\BOOKMARK [3][-]{subsubsection.4.9.1.1}{\376\377\0004\000.\0009\000.\0001\000.\0001\000\040\000A\000C\000\137\000m\000i\000m\000a\000x}{subsection.4.9.1}% 313
\BOOKMARK [3][-]{subsubsection.4.9.1.2}{\376\377\0004\000.\0009\000.\0001\000.\0002\000\040\000A\000v\000g\000V\000a\000l\000F\000F\000\137\000F}{subsection.4.9.1}% 314
\BOOKMARK [3][-]{subsubsection.4.9.1.3}{\376\377\0004\000.\0009\000.\0001\000.\0003\000\040\000A\000v\000g\000V\000a\000l\000U\000L\000U\000L\000\137\000F}{subsection.4.9.1}% 315
\BOOKMARK [3][-]{subsubsection.4.9.1.4}{\376\377\0004\000.\0009\000.\0001\000.\0004\000\040\000C\000h\000e\000c\000k\000S\000e\000r\000i\000a\000l}{subsection.4.9.1}% 316
\BOOKMARK [3][-]{subsubsection.4.9.1.5}{\376\377\0004\000.\0009\000.\0001\000.\0005\000\040\000C\000o\000p}{subsection.4.9.1}% 317
\BOOKMARK [3][-]{subsubsection.4.9.1.6}{\376\377\0004\000.\0009\000.\0001\000.\0006\000\040\000E\000t\000h\000e\000r\000n\000e\000t\000I\000n\000i\000t}{subsection.4.9.1}% 318
\BOOKMARK [3][-]{subsubsection.4.9.1.7}{\376\377\0004\000.\0009\000.\0001\000.\0007\000\040\000E\000t\000h\000e\000r\000n\000e\000t\000I\000z\000p\000i\000s\000I\000n\000f\000o}{subsection.4.9.1}% 319
\BOOKMARK [3][-]{subsubsection.4.9.1.8}{\376\377\0004\000.\0009\000.\0001\000.\0008\000\040\000h\000o\000m\000e\000P\000a\000g\000e}{subsection.4.9.1}% 320
\BOOKMARK [3][-]{subsubsection.4.9.1.9}{\376\377\0004\000.\0009\000.\0001\000.\0009\000\040\000I\000m\000e\000D\000a\000t\000o\000t\000e\000k\000e\000O\000n\000O\000f\000f}{subsection.4.9.1}% 321
\BOOKMARK [3][-]{subsubsection.4.9.1.10}{\376\377\0004\000.\0009\000.\0001\000.\0001\0000\000\040\000I\000s\000N\000T\000e\000m\000p\000C\000a\000s}{subsection.4.9.1}% 322
\BOOKMARK [3][-]{subsubsection.4.9.1.11}{\376\377\0004\000.\0009\000.\0001\000.\0001\0001\000\040\000I\000z\000p\000i\000s\000D\000a\000t\000a\000O\000n\000O\000f\000f\000S\000e\000r\000i\000a\000l}{subsection.4.9.1}% 323
\BOOKMARK [3][-]{subsubsection.4.9.1.12}{\376\377\0004\000.\0009\000.\0001\000.\0001\0002\000\040\000I\000z\000p\000i\000s\000D\000a\000t\000n\000a\000S\000e\000r\000i\000a\000l}{subsection.4.9.1}% 324
\BOOKMARK [3][-]{subsubsection.4.9.1.13}{\376\377\0004\000.\0009\000.\0001\000.\0001\0003\000\040\000I\000z\000p\000i\000s\000P\000o\000r\000a\000b\000a\000W\000H}{subsection.4.9.1}% 325
\BOOKMARK [3][-]{subsubsection.4.9.1.14}{\376\377\0004\000.\0009\000.\0001\000.\0001\0004\000\040\000I\000z\000r\000a\000c\000D\000e\000l\000t\000a\000T\000h}{subsection.4.9.1}% 326
\BOOKMARK [3][-]{subsubsection.4.9.1.15}{\376\377\0004\000.\0009\000.\0001\000.\0001\0005\000\040\000I\000z\000r\000a\000c\000D\000e\000l\000t\000a\000T\000h\000O\000k}{subsection.4.9.1}% 327
\BOOKMARK [3][-]{subsubsection.4.9.1.16}{\376\377\0004\000.\0009\000.\0001\000.\0001\0006\000\040\000I\000z\000r\000a\000c\000D\000e\000l\000t\000a\000T\000h\000S\000t}{subsection.4.9.1}% 328
\BOOKMARK [3][-]{subsubsection.4.9.1.17}{\376\377\0004\000.\0009\000.\0001\000.\0001\0007\000\040\000I\000z\000r\000a\000c\000u\000n\000H\000i\000t\000r\000o\000s\000t\000i\000G\000r\000e\000t\000j\000a\000T\000C}{subsection.4.9.1}% 329
\BOOKMARK [3][-]{subsubsection.4.9.1.18}{\376\377\0004\000.\0009\000.\0001\000.\0001\0008\000\040\000I\000z\000r\000a\000c\000u\000n\000L\000i\000m\000i\000t\000T\000e\000m\000p}{subsection.4.9.1}% 330
\BOOKMARK [3][-]{subsubsection.4.9.1.19}{\376\377\0004\000.\0009\000.\0001\000.\0001\0009\000\040\000I\000z\000r\000a\000c\000u\000n\000T\000e\000m\000p\000V\000T\000O\000f\000f}{subsection.4.9.1}% 331
\BOOKMARK [3][-]{subsubsection.4.9.1.20}{\376\377\0004\000.\0009\000.\0001\000.\0002\0000\000\040\000K\000o\000m\000p\000e\000n\000z\000a\000c\000i\000j\000a\000T\000e\000m\000p\000O\000k\000o\000l\000i\000c\000e}{subsection.4.9.1}% 332
\BOOKMARK [3][-]{subsubsection.4.9.1.21}{\376\377\0004\000.\0009\000.\0001\000.\0002\0001\000\040\000K\000o\000m\000p\000e\000n\000z\000Z\000a\000c\000T\000e\000m\000p}{subsection.4.9.1}% 333
\BOOKMARK [3][-]{subsubsection.4.9.1.22}{\376\377\0004\000.\0009\000.\0001\000.\0002\0002\000\040\000M\000a\000x\000C\000r\000p\000T\000C\000R\000u\000n\000T\000i\000m\000e}{subsection.4.9.1}% 334
\BOOKMARK [3][-]{subsubsection.4.9.1.23}{\376\377\0004\000.\0009\000.\0001\000.\0002\0003\000\040\000M\000e\000j\000n\000a\000T\000e\000m\000p\000P\000r\000e\000k\000l\000C\000r\000p\000R\000a\000d}{subsection.4.9.1}% 335
\BOOKMARK [3][-]{subsubsection.4.9.1.24}{\376\377\0004\000.\0009\000.\0001\000.\0002\0004\000\040\000O\000b\000s\000e\000g\000Z\000g\000o\000d\000o\000v\000i\000n\000e}{subsection.4.9.1}% 336
\BOOKMARK [3][-]{subsubsection.4.9.1.25}{\376\377\0004\000.\0009\000.\0001\000.\0002\0005\000\040\000P\000o\000v\000p\000r\000e\000c\000i\000V\000r\000e\000d}{subsection.4.9.1}% 337
\BOOKMARK [3][-]{subsubsection.4.9.1.26}{\376\377\0004\000.\0009\000.\0001\000.\0002\0006\000\040\000P\000r\000e\000t\000v\000o\000r\000i\000F\000l\000o\000a\000t\0002\000E\000E\000T\000e\000m\000p}{subsection.4.9.1}% 338
\BOOKMARK [3][-]{subsubsection.4.9.1.27}{\376\377\0004\000.\0009\000.\0001\000.\0002\0007\000\040\000P\000r\000e\000t\000v\000o\000t\000i\000E\000E\000T\000e\000m\000p\0002\000F\000l\000o\000a\000t}{subsection.4.9.1}% 339
\BOOKMARK [3][-]{subsubsection.4.9.1.28}{\376\377\0004\000.\0009\000.\0001\000.\0002\0008\000\040\000P\000r\000e\000v\000e\000r\000i\000N\000a\000p\000e\000t\000o\000s\000t\000i}{subsection.4.9.1}% 340
\BOOKMARK [3][-]{subsubsection.4.9.1.29}{\376\377\0004\000.\0009\000.\0001\000.\0002\0009\000\040\000P\000r\000e\000v\000e\000r\000i\000S\000t\000i\000k\000a\000l\000a}{subsection.4.9.1}% 341
\BOOKMARK [3][-]{subsubsection.4.9.1.30}{\376\377\0004\000.\0009\000.\0001\000.\0003\0000\000\040\000P\000r\000i\000n\000t\000D\000a\000t\000a}{subsection.4.9.1}% 342
\BOOKMARK [3][-]{subsubsection.4.9.1.31}{\376\377\0004\000.\0009\000.\0001\000.\0003\0001\000\040\000P\000r\000i\000n\000t\000T\000e\000m\000p\000A\000l\000l\000S\000D\000b\000i\000n}{subsection.4.9.1}% 343
\BOOKMARK [3][-]{subsubsection.4.9.1.32}{\376\377\0004\000.\0009\000.\0001\000.\0003\0002\000\040\000P\000r\000i\000n\000t\000T\000e\000m\000p\000e\000r\000a\000t\000u\000r\000e\000A\000l\000l}{subsection.4.9.1}% 344
\BOOKMARK [3][-]{subsubsection.4.9.1.33}{\376\377\0004\000.\0009\000.\0001\000.\0003\0003\000\040\000p\000r\000o\000c\000e\000s\000s\000S\000y\000n\000c\000M\000e\000s\000s\000a\000g\000e}{subsection.4.9.1}% 345
\BOOKMARK [3][-]{subsubsection.4.9.1.34}{\376\377\0004\000.\0009\000.\0001\000.\0003\0004\000\040\000R\000e\000l\000a\000k\000s\000T\000i\000m\000e\000L\000i\000m\000i\000t\000S\000e\000c}{subsection.4.9.1}% 346
\BOOKMARK [3][-]{subsubsection.4.9.1.35}{\376\377\0004\000.\0009\000.\0001\000.\0003\0005\000\040\000S\000D\000I\000n\000i\000t}{subsection.4.9.1}% 347
\BOOKMARK [3][-]{subsubsection.4.9.1.36}{\376\377\0004\000.\0009\000.\0001\000.\0003\0006\000\040\000S\000e\000c\0002\000H\000o\000u\000r}{subsection.4.9.1}% 348
\BOOKMARK [3][-]{subsubsection.4.9.1.37}{\376\377\0004\000.\0009\000.\0001\000.\0003\0007\000\040\000T\000e\000m\000p\000I\000z\000k\000l\000o\000p\000a}{subsection.4.9.1}% 349
\BOOKMARK [3][-]{subsubsection.4.9.1.38}{\376\377\0004\000.\0009\000.\0001\000.\0003\0008\000\040\000T\000e\000m\000p\000I\000z\000k\000l\000o\000p\000a\000C\000r\000p\000T\000C}{subsection.4.9.1}% 350
\BOOKMARK [3][-]{subsubsection.4.9.1.39}{\376\377\0004\000.\0009\000.\0001\000.\0003\0009\000\040\000T\000e\000m\000p\000I\000z\000k\000l\000o\000p\000a\000C\000r\000p\000T\000C\000\137\000N\000T\000e\000m\000p}{subsection.4.9.1}% 351
\BOOKMARK [3][-]{subsubsection.4.9.1.40}{\376\377\0004\000.\0009\000.\0001\000.\0004\0000\000\040\000T\000e\000m\000p\000V\000k\000l\000o\000p\000a}{subsection.4.9.1}% 352
\BOOKMARK [3][-]{subsubsection.4.9.1.41}{\376\377\0004\000.\0009\000.\0001\000.\0004\0001\000\040\000T\000e\000m\000p\000V\000k\000l\000o\000p\000a\000C\000r\000p\000T\000C\000\137\000N\000T\000e\000m\000p}{subsection.4.9.1}% 353
\BOOKMARK [3][-]{subsubsection.4.9.1.42}{\376\377\0004\000.\0009\000.\0001\000.\0004\0002\000\040\000T\000o\000k\000\137\0001\0002\000V}{subsection.4.9.1}% 354
\BOOKMARK [3][-]{subsubsection.4.9.1.43}{\376\377\0004\000.\0009\000.\0001\000.\0004\0003\000\040\000U\000p\000o\000s\000t\000e\000v\000a\000j\000E\000l\000T\000a\000r\000i\000f\000e}{subsection.4.9.1}% 355
\BOOKMARK [3][-]{subsubsection.4.9.1.44}{\376\377\0004\000.\0009\000.\0001\000.\0004\0004\000\040\000V\000o\000d\000a\000V\000r\000e}{subsection.4.9.1}% 356
\BOOKMARK [3][-]{subsubsection.4.9.1.45}{\376\377\0004\000.\0009\000.\0001\000.\0004\0005\000\040\000Z\000a\000k\000a\000s\000n\000i\000t\000e\000v\000V\000k\000l\000o\000p\000a}{subsection.4.9.1}% 357
\BOOKMARK [3][-]{subsubsection.4.9.1.46}{\376\377\0004\000.\0009\000.\0001\000.\0004\0006\000\040\000Z\000a\000p\000i\000s\000i\000I\000n\000I\000z\000p\000i\000s\000i\000P\000o\000d\000a\000t\000k\000e}{subsection.4.9.1}% 358
\BOOKMARK [2][-]{subsection.4.9.2}{\376\377\0004\000.\0009\000.\0002\000\040\000O\000p\000i\000s\000\040\000s\000p\000r\000e\000m\000e\000n\000l\000j\000i\000v\000k\000e}{section.4.9}% 359
\BOOKMARK [3][-]{subsubsection.4.9.2.1}{\376\377\0004\000.\0009\000.\0002\000.\0001\000\040\000a\000v\000g\000L\000H\000T\000C\000V\000o\000d\000e\000T\000C}{subsection.4.9.2}% 360
\BOOKMARK [3][-]{subsubsection.4.9.2.2}{\376\377\0004\000.\0009\000.\0002\000.\0002\000\040\000a\000v\000g\000W\000e\000i\000g\000h\000t\000L\000H\000T\000C}{subsection.4.9.2}% 361
\BOOKMARK [3][-]{subsubsection.4.9.2.3}{\376\377\0004\000.\0009\000.\0002\000.\0003\000\040\000c\000o\000R\000a\000w\000V\000a\000l\000M\000a\000x}{subsection.4.9.2}% 362
\BOOKMARK [3][-]{subsubsection.4.9.2.4}{\376\377\0004\000.\0009\000.\0002\000.\0004\000\040\000c\000o\000R\000a\000w\000V\000a\000l\000R\000e\000f}{subsection.4.9.2}% 363
\BOOKMARK [3][-]{subsubsection.4.9.2.5}{\376\377\0004\000.\0009\000.\0002\000.\0005\000\040\000c\000o\000R\000a\000w\000V\000a\000l\000S\000u\000m}{subsection.4.9.2}% 364
\BOOKMARK [3][-]{subsubsection.4.9.2.6}{\376\377\0004\000.\0009\000.\0002\000.\0006\000\040\000c\000y\000c\000S\000t\000a\000r\000t}{subsection.4.9.2}% 365
\BOOKMARK [3][-]{subsubsection.4.9.2.7}{\376\377\0004\000.\0009\000.\0002\000.\0007\000\040\000d\000e\000b\000u\000g\000D\000e\000v\000i\000c\000e\000H\000u\000b}{subsection.4.9.2}% 366
\BOOKMARK [3][-]{subsubsection.4.9.2.8}{\376\377\0004\000.\0009\000.\0002\000.\0008\000\040\000i\000z\000r\000a\000c\000H\000i\000t\000r\000G\000r\000e\000t}{subsection.4.9.2}% 367
\BOOKMARK [3][-]{subsubsection.4.9.2.9}{\376\377\0004\000.\0009\000.\0002\000.\0009\000\040\000i\000z\000r\000a\000c\000H\000i\000t\000r\000G\000r\000e\000t\000I\000n\000f\000o}{subsection.4.9.2}% 368
\BOOKMARK [3][-]{subsubsection.4.9.2.10}{\376\377\0004\000.\0009\000.\0002\000.\0001\0000\000\040\000m\000a\000x\000C\000y\000c\000l\000e}{subsection.4.9.2}% 369
\BOOKMARK [3][-]{subsubsection.4.9.2.11}{\376\377\0004\000.\0009\000.\0002\000.\0001\0001\000\040\000m\000a\000x\000V\000o\000l\000t\000G\000a\000s}{subsection.4.9.2}% 370
\BOOKMARK [3][-]{subsubsection.4.9.2.12}{\376\377\0004\000.\0009\000.\0002\000.\0001\0002\000\040\000m\000i\000n\000C\000y\000c\000l\000e}{subsection.4.9.2}% 371
\BOOKMARK [3][-]{subsubsection.4.9.2.13}{\376\377\0004\000.\0009\000.\0002\000.\0001\0003\000\040\000m\000i\000n\000V\000o\000l\000t\000G\000a\000s}{subsection.4.9.2}% 372
\BOOKMARK [3][-]{subsubsection.4.9.2.14}{\376\377\0004\000.\0009\000.\0002\000.\0001\0004\000\040\000n\000c\000y\000c}{subsection.4.9.2}% 373
\BOOKMARK [3][-]{subsubsection.4.9.2.15}{\376\377\0004\000.\0009\000.\0002\000.\0001\0005\000\040\000n\000u\000m\000M\000e\000r\000C\000O}{subsection.4.9.2}% 374
\BOOKMARK [3][-]{subsubsection.4.9.2.16}{\376\377\0004\000.\0009\000.\0002\000.\0001\0006\000\040\000n\000u\000m\000P\000i\000n\000g}{subsection.4.9.2}% 375
\BOOKMARK [3][-]{subsubsection.4.9.2.17}{\376\377\0004\000.\0009\000.\0002\000.\0001\0007\000\040\000p\000T\000e\000m\000p\000C\000r\000p}{subsection.4.9.2}% 376
\BOOKMARK [3][-]{subsubsection.4.9.2.18}{\376\377\0004\000.\0009\000.\0002\000.\0001\0008\000\040\000s\000e\000R\000r\000a\000c\000u\000n\000a\000H\000i\000t\000r\000G\000r\000e\000t}{subsection.4.9.2}% 377
\BOOKMARK [3][-]{subsubsection.4.9.2.19}{\376\377\0004\000.\0009\000.\0002\000.\0001\0009\000\040\000s\000t\000a\000t\000e\000C\000e\000v\000S\000t\000P\000e\000c\000T\000C}{subsection.4.9.2}% 378
\BOOKMARK [3][-]{subsubsection.4.9.2.20}{\376\377\0004\000.\0009\000.\0002\000.\0002\0000\000\040\000s\000u\000m\000C\000y\000c\000l\000e}{subsection.4.9.2}% 379
\BOOKMARK [3][-]{subsubsection.4.9.2.21}{\376\377\0004\000.\0009\000.\0002\000.\0002\0001\000\040\000s\000u\000m\000P\000i\000n\000g}{subsection.4.9.2}% 380
\BOOKMARK [3][-]{subsubsection.4.9.2.22}{\376\377\0004\000.\0009\000.\0002\000.\0002\0002\000\040\000t\000o\000k\0002\0003\0000\000V}{subsection.4.9.2}% 381
\BOOKMARK [3][-]{subsubsection.4.9.2.23}{\376\377\0004\000.\0009\000.\0002\000.\0002\0003\000\040\000u\000s\000e\000D\000e\000l\000t\000a\000T\000h\000O\000k}{subsection.4.9.2}% 382
\BOOKMARK [1][-]{section.4.10}{\376\377\0004\000.\0001\0000\000\040\000D\000a\000t\000o\000t\000e\000k\000a\000\040\000/\000/\000P\000r\000o\0000\0003\000/\000g\000i\000t\000h\000u\000b\000/\000K\000o\000n\000t\000r\000o\000l\000e\000r\000T\000C\000\137\000H\000/\000K\000o\000n\000t\000r\000o\000l\000e\000r\000T\000C\000\137\000M\000e\000g\000a\0002\0005\0006\0000\000\137\000v\0001\000/\000K\000o\000n\000t\000r\000o\000l\000e\000r\000T\000C\000\137\000M\000e\000g\000a\0002\0005\0006\0000\000\137\000v\0001\000.\000i\000n\000o}{chapter.4}% 383
\BOOKMARK [1][-]{section.4.11}{\376\377\0004\000.\0001\0001\000\040\000D\000a\000t\000o\000t\000e\000k\000a\000\040\000/\000/\000P\000r\000o\0000\0003\000/\000g\000i\000t\000h\000u\000b\000/\000K\000o\000n\000t\000r\000o\000l\000e\000r\000T\000C\000\137\000H\000/\000K\000o\000n\000t\000r\000o\000l\000e\000r\000T\000C\000\137\000M\000e\000g\000a\0002\0005\0006\0000\000\137\000v\0001\000/\000L\000C\000D\000\137\000f\000u\000n\000k\000c\000i\000j\000e\000.\000h}{chapter.4}% 384
\BOOKMARK [2][-]{subsection.4.11.1}{\376\377\0004\000.\0001\0001\000.\0001\000\040\000O\000p\000i\000s\000\040\000m\000a\000k\000r\000o\000\040\000d\000e\000f\000i\000n\000i\000c\000i\000j\000e}{section.4.11}% 385
\BOOKMARK [3][-]{subsubsection.4.11.1.1}{\376\377\0004\000.\0001\0001\000.\0001\000.\0001\000\040\000M\000A\000X\000\137\000L\000C\000D\000\137\000O\000S\000V}{subsection.4.11.1}% 386
\BOOKMARK [2][-]{subsection.4.11.2}{\376\377\0004\000.\0001\0001\000.\0002\000\040\000O\000p\000i\000s\000\040\000f\000u\000n\000k\000c\000i\000j\000e}{section.4.11}% 387
\BOOKMARK [3][-]{subsubsection.4.11.2.1}{\376\377\0004\000.\0001\0001\000.\0002\000.\0001\000\040\000B\000e\000e\000p}{subsection.4.11.2}% 388
\BOOKMARK [3][-]{subsubsection.4.11.2.2}{\376\377\0004\000.\0001\0001\000.\0002\000.\0002\000\040\000I\000z\000p\000i\000s\000C\000o\000n\000t\000r\000o\000l\000M\000e\000n\000u}{subsection.4.11.2}% 389
\BOOKMARK [3][-]{subsubsection.4.11.2.3}{\376\377\0004\000.\0001\0001\000.\0002\000.\0003\000\040\000I\000z\000p\000i\000s\000H\000e\000x\0002}{subsection.4.11.2}% 390
\BOOKMARK [3][-]{subsubsection.4.11.2.4}{\376\377\0004\000.\0001\0001\000.\0002\000.\0004\000\040\000I\000z\000p\000i\000s\000i\000N\000a\000L\000C\000D}{subsection.4.11.2}% 391
\BOOKMARK [3][-]{subsubsection.4.11.2.5}{\376\377\0004\000.\0001\0001\000.\0002\000.\0005\000\040\000I\000z\000p\000i\000s\000I\000n\000f\000o\000M\000e\000n\000u}{subsection.4.11.2}% 392
\BOOKMARK [3][-]{subsubsection.4.11.2.6}{\376\377\0004\000.\0001\0001\000.\0002\000.\0006\000\040\000L\000C\000D\000I\000n\000i\000t\000i\000a\000l\000i\000z\000a\000c\000i\000j\000a}{subsection.4.11.2}% 393
\BOOKMARK [3][-]{subsubsection.4.11.2.7}{\376\377\0004\000.\0001\0001\000.\0002\000.\0007\000\040\000P\000r\000i\000n\000t\000D\000i\000g\000i\000t\000s\000L\000C\000D\000A}{subsection.4.11.2}% 394
\BOOKMARK [3][-]{subsubsection.4.11.2.8}{\376\377\0004\000.\0001\0001\000.\0002\000.\0008\000\040\000T\000e\000m\000p\000I\000z\000k\000l\000o\000p\000a}{subsection.4.11.2}% 395
\BOOKMARK [3][-]{subsubsection.4.11.2.9}{\376\377\0004\000.\0001\0001\000.\0002\000.\0009\000\040\000T\000e\000m\000p\000V\000k\000l\000o\000p\000a}{subsection.4.11.2}% 396
\BOOKMARK [2][-]{subsection.4.11.3}{\376\377\0004\000.\0001\0001\000.\0003\000\040\000O\000p\000i\000s\000\040\000s\000p\000r\000e\000m\000e\000n\000l\000j\000i\000v\000k\000e}{section.4.11}% 397
\BOOKMARK [3][-]{subsubsection.4.11.3.1}{\376\377\0004\000.\0001\0001\000.\0003\000.\0001\000\040\000b\000u\000t\000t\000o\000n\000P\000r\000e\000s\000s\000e\000d}{subsection.4.11.3}% 398
\BOOKMARK [3][-]{subsubsection.4.11.3.2}{\376\377\0004\000.\0001\0001\000.\0003\000.\0002\000\040\000c\000o\000R\000a\000w\000V\000a\000l}{subsection.4.11.3}% 399
\BOOKMARK [3][-]{subsubsection.4.11.3.3}{\376\377\0004\000.\0001\0001\000.\0003\000.\0003\000\040\000i\000n\000f\000o\000E\000r\000r}{subsection.4.11.3}% 400
\BOOKMARK [3][-]{subsubsection.4.11.3.4}{\376\377\0004\000.\0001\0001\000.\0003\000.\0004\000\040\000i\000n\000f\000o\000M\000o\000d\000e\000L\000C\000D}{subsection.4.11.3}% 401
\BOOKMARK [3][-]{subsubsection.4.11.3.5}{\376\377\0004\000.\0001\0001\000.\0003\000.\0005\000\040\000l\000a\000s\000t\000T\000C\000S\000t\000a\000t\000e\000C\000h\000g}{subsection.4.11.3}% 402
\BOOKMARK [3][-]{subsubsection.4.11.3.6}{\376\377\0004\000.\0001\0001\000.\0003\000.\0006\000\040\000m\000e\000n\000u\000Z\000a\000s\000l\000o\000n\000N\000u\000m}{subsection.4.11.3}% 403
\BOOKMARK [3][-]{subsubsection.4.11.3.7}{\376\377\0004\000.\0001\0001\000.\0003\000.\0007\000\040\000o\000n\000T\000i\000m\000e\000T\000C}{subsection.4.11.3}% 404
\BOOKMARK [3][-]{subsubsection.4.11.3.8}{\376\377\0004\000.\0001\0001\000.\0003\000.\0008\000\040\000p\000r\000e\000v\000T\000C\000S\000t\000a\000t\000e}{subsection.4.11.3}% 405
\BOOKMARK [1][-]{section.4.12}{\376\377\0004\000.\0001\0002\000\040\000D\000a\000t\000o\000t\000e\000k\000a\000\040\000/\000/\000P\000r\000o\0000\0003\000/\000g\000i\000t\000h\000u\000b\000/\000K\000o\000n\000t\000r\000o\000l\000e\000r\000T\000C\000\137\000H\000/\000K\000o\000n\000t\000r\000o\000l\000e\000r\000T\000C\000\137\000M\000e\000g\000a\0002\0005\0006\0000\000\137\000v\0001\000/\000T\000e\000m\000p\000e\000r\000a\000t\000u\000r\000e\000.\000h}{chapter.4}% 406
\BOOKMARK [2][-]{subsection.4.12.1}{\376\377\0004\000.\0001\0002\000.\0001\000\040\000O\000p\000i\000s\000\040\000m\000a\000k\000r\000o\000\040\000d\000e\000f\000i\000n\000i\000c\000i\000j\000e}{section.4.12}% 407
\BOOKMARK [3][-]{subsubsection.4.12.1.1}{\376\377\0004\000.\0001\0002\000.\0001\000.\0001\000\040\000T\000e\000m\000p\000e\000r\000a\000t\000u\000e\000\137\000h}{subsection.4.12.1}% 408
\BOOKMARK [2][-]{subsection.4.12.2}{\376\377\0004\000.\0001\0002\000.\0002\000\040\000O\000p\000i\000s\000\040\000f\000u\000n\000k\000c\000i\000j\000e}{section.4.12}% 409
\BOOKMARK [3][-]{subsubsection.4.12.2.1}{\376\377\0004\000.\0001\0002\000.\0002\000.\0001\000\040\000A\000u\000t\000o\000T\000i\000m\000e\000U\000n\000i\000t\000C\000o\000n\000v}{subsection.4.12.2}% 410
\BOOKMARK [3][-]{subsubsection.4.12.2.2}{\376\377\0004\000.\0001\0002\000.\0002\000.\0002\000\040\000B\000e\000e\000p}{subsection.4.12.2}% 411
\BOOKMARK [3][-]{subsubsection.4.12.2.3}{\376\377\0004\000.\0001\0002\000.\0002\000.\0003\000\040\000I\000s\000C\000a\000s\000T\000r\000a\000n\000s\000f\000T\000o\000p\000l}{subsection.4.12.2}% 412
\BOOKMARK [3][-]{subsubsection.4.12.2.4}{\376\377\0004\000.\0001\0002\000.\0002\000.\0004\000\040\000I\000s\000N\000T\000e\000m\000p\000C\000a\000s}{subsection.4.12.2}% 413
\BOOKMARK [3][-]{subsubsection.4.12.2.5}{\376\377\0004\000.\0001\0002\000.\0002\000.\0005\000\040\000I\000z\000p\000i\000s\000H\000e\000x\0002}{subsection.4.12.2}% 414
\BOOKMARK [3][-]{subsubsection.4.12.2.6}{\376\377\0004\000.\0001\0002\000.\0002\000.\0006\000\040\000I\000z\000r\000a\000c\000u\000n\000H\000u\000m\000i\000d\000e\000x}{subsection.4.12.2}% 415
\BOOKMARK [3][-]{subsubsection.4.12.2.7}{\376\377\0004\000.\0001\0002\000.\0002\000.\0007\000\040\000I\000z\000r\000a\000c\000u\000n\000T\000R\000o\000s\000i\000c\000s\000a}{subsection.4.12.2}% 416
\BOOKMARK [3][-]{subsubsection.4.12.2.8}{\376\377\0004\000.\0001\0002\000.\0002\000.\0008\000\040\000l\000a\000s\000t\0002\0004\000H\000\137\000I\000n\000f\000o}{subsection.4.12.2}% 417
\BOOKMARK [3][-]{subsubsection.4.12.2.9}{\376\377\0004\000.\0001\0002\000.\0002\000.\0009\000\040\000O\000b\000s\000e\000g\000Z\000g\000o\000d\000o\000v\000i\000n\000e}{subsection.4.12.2}% 418
\BOOKMARK [3][-]{subsubsection.4.12.2.10}{\376\377\0004\000.\0001\0002\000.\0002\000.\0001\0000\000\040\000P\000r\000e\000b\000e\000r\000i\000T\000e\000m\000p\000e\000r\000a\000t\000u\000r\000e}{subsection.4.12.2}% 419
\BOOKMARK [3][-]{subsubsection.4.12.2.11}{\376\377\0004\000.\0001\0002\000.\0002\000.\0001\0001\000\040\000P\000r\000e\000b\000e\000r\000i\000T\000e\000m\000p\000e\000r\000a\000t\000u\000r\000o\000D\000H\000T\0002\0002}{subsection.4.12.2}% 420
\BOOKMARK [3][-]{subsubsection.4.12.2.12}{\376\377\0004\000.\0001\0002\000.\0002\000.\0001\0002\000\040\000P\000r\000e\000b\000e\000r\000i\000T\000e\000m\000p\000e\000r\000a\000t\000u\000r\000o\000D\000S}{subsection.4.12.2}% 421
\BOOKMARK [3][-]{subsubsection.4.12.2.13}{\376\377\0004\000.\0001\0002\000.\0002\000.\0001\0003\000\040\000P\000r\000e\000b\000e\000r\000i\000T\000e\000m\000p\000e\000r\000a\000t\000u\000r\000o\000K}{subsection.4.12.2}% 422
\BOOKMARK [3][-]{subsubsection.4.12.2.14}{\376\377\0004\000.\0001\0002\000.\0002\000.\0001\0004\000\040\000P\000r\000e\000b\000e\000r\000i\000V\000l\000a\000z\000n\000o\000s\000t\000D\000H\000T\0002\0002}{subsection.4.12.2}% 423
\BOOKMARK [3][-]{subsubsection.4.12.2.15}{\376\377\0004\000.\0001\0002\000.\0002\000.\0001\0005\000\040\000P\000r\000i\000n\000t\000A\000d\000d\000r\000e\000s\000s}{subsection.4.12.2}% 424
\BOOKMARK [3][-]{subsubsection.4.12.2.16}{\376\377\0004\000.\0001\0002\000.\0002\000.\0001\0006\000\040\000P\000r\000i\000n\000t\000T\000e\000m\000p\000e\000r\000a\000t\000u\000r\000e\000A\000l\000l}{subsection.4.12.2}% 425
\BOOKMARK [3][-]{subsubsection.4.12.2.17}{\376\377\0004\000.\0001\0002\000.\0002\000.\0001\0007\000\040\000p\000r\000o\000c\000e\000s\000s\000S\000y\000n\000c\000M\000e\000s\000s\000a\000g\000e}{subsection.4.12.2}% 426
\BOOKMARK [3][-]{subsubsection.4.12.2.18}{\376\377\0004\000.\0001\0002\000.\0002\000.\0001\0008\000\040\000R\000e\000f\000T\000e\000m\000p}{subsection.4.12.2}% 427
\BOOKMARK [3][-]{subsubsection.4.12.2.19}{\376\377\0004\000.\0001\0002\000.\0002\000.\0001\0009\000\040\000T\000e\000m\000p\000S\000e\000n\000s\000o\000r\000s\000I\000n\000i\000t}{subsection.4.12.2}% 428
\BOOKMARK [2][-]{subsection.4.12.3}{\376\377\0004\000.\0001\0002\000.\0003\000\040\000O\000p\000i\000s\000\040\000s\000p\000r\000e\000m\000e\000n\000l\000j\000i\000v\000k\000e}{section.4.12}% 429
\BOOKMARK [3][-]{subsubsection.4.12.3.1}{\376\377\0004\000.\0001\0002\000.\0003\000.\0001\000\040\000a\000v\000g\000T\000e\000m\000p\000V\000o\000d\000e\000T\000C}{subsection.4.12.3}% 430
\BOOKMARK [3][-]{subsubsection.4.12.3.2}{\376\377\0004\000.\0001\0002\000.\0003\000.\0002\000\040\000c\000o\000n\000v\000W\000a\000i\000t\000T\000i\000m\000e}{subsection.4.12.3}% 431
\BOOKMARK [3][-]{subsubsection.4.12.3.3}{\376\377\0004\000.\0001\0002\000.\0003\000.\0003\000\040\000d\000e\000v\000A\000d\000d\000r\000e\000s\000s}{subsection.4.12.3}% 432
\BOOKMARK [3][-]{subsubsection.4.12.3.4}{\376\377\0004\000.\0001\0002\000.\0003\000.\0004\000\040\000m\000a\000x\000T\000e\000m\000p\0002\0004}{subsection.4.12.3}% 433
\BOOKMARK [3][-]{subsubsection.4.12.3.5}{\376\377\0004\000.\0001\0002\000.\0003\000.\0005\000\040\000m\000a\000x\000T\000e\000m\000p\0002\0004\000T\000i\000m\000e}{subsection.4.12.3}% 434
\BOOKMARK [3][-]{subsubsection.4.12.3.6}{\376\377\0004\000.\0001\0002\000.\0003\000.\0006\000\040\000m\000i\000n\000T\000e\000m\000p\0002\0004}{subsection.4.12.3}% 435
\BOOKMARK [3][-]{subsubsection.4.12.3.7}{\376\377\0004\000.\0001\0002\000.\0003\000.\0007\000\040\000m\000i\000n\000T\000e\000m\000p\0002\0004\000T\000i\000m\000e}{subsection.4.12.3}% 436
\BOOKMARK [3][-]{subsubsection.4.12.3.8}{\376\377\0004\000.\0001\0002\000.\0003\000.\0008\000\040\000s\000u\000m\0002\0004}{subsection.4.12.3}% 437
\BOOKMARK [3][-]{subsubsection.4.12.3.9}{\376\377\0004\000.\0001\0002\000.\0003\000.\0009\000\040\000s\000u\000m\000C\000T\000e\000m\000p}{subsection.4.12.3}% 438
\BOOKMARK [3][-]{subsubsection.4.12.3.10}{\376\377\0004\000.\0001\0002\000.\0003\000.\0001\0000\000\040\000s\000u\000m\000C\000T\000e\000m\000p\000E\000M\000A}{subsection.4.12.3}% 439
\BOOKMARK [3][-]{subsubsection.4.12.3.11}{\376\377\0004\000.\0001\0002\000.\0003\000.\0001\0001\000\040\000t\000e\000m\000e\000r\000a\000t\000u\000r\000e\000I\000z\000m\000e\000r\000j\000e\000n\000e}{subsection.4.12.3}% 440
\BOOKMARK [3][-]{subsubsection.4.12.3.12}{\376\377\0004\000.\0001\0002\000.\0003\000.\0001\0002\000\040\000v\000c\000c\000I\000n\000t\000e\000r\000n\000a\000l}{subsection.4.12.3}% 441
\BOOKMARK [1][-]{section.4.13}{\376\377\0004\000.\0001\0003\000\040\000D\000a\000t\000o\000t\000e\000k\000a\000\040\000/\000/\000P\000r\000o\0000\0003\000/\000g\000i\000t\000h\000u\000b\000/\000K\000o\000n\000t\000r\000o\000l\000e\000r\000T\000C\000\137\000H\000/\000K\000o\000n\000t\000r\000o\000l\000e\000r\000T\000C\000\137\000M\000e\000g\000a\0002\0005\0006\0000\000\137\000v\0001\000/\000T\000o\000k\000\137\000n\000a\000p\000e\000t\000o\000s\000t\000.\000h}{chapter.4}% 442
\BOOKMARK [2][-]{subsection.4.13.1}{\376\377\0004\000.\0001\0003\000.\0001\000\040\000O\000p\000i\000s\000\040\000f\000u\000n\000k\000c\000i\000j\000e}{section.4.13}% 443
\BOOKMARK [3][-]{subsubsection.4.13.1.1}{\376\377\0004\000.\0001\0003\000.\0001\000.\0001\000\040\000A\000C\000\137\000m\000i\000m\000a\000x}{subsection.4.13.1}% 444
\BOOKMARK [3][-]{subsubsection.4.13.1.2}{\376\377\0004\000.\0001\0003\000.\0001\000.\0002\000\040\000n\000a\000p\000e\000t\000o\000s\000t\000i\000M\000i\000n\000M\000a\000x}{subsection.4.13.1}% 445
\BOOKMARK [3][-]{subsubsection.4.13.1.3}{\376\377\0004\000.\0001\0003\000.\0001\000.\0003\000\040\000P\000r\000e\000t\000v\000o\000r\000i\000V\0002\000A\000\137\000a\000s\000c\0007\0001\0002}{subsection.4.13.1}% 446
\BOOKMARK [3][-]{subsubsection.4.13.1.4}{\376\377\0004\000.\0001\0003\000.\0001\000.\0004\000\040\000P\000r\000e\000t\000v\000o\000r\000i\000V\0002\000A\000\137\000a\000s\000c\0007\0001\0002\000\137\000D\000C}{subsection.4.13.1}% 447
\BOOKMARK [3][-]{subsubsection.4.13.1.5}{\376\377\0004\000.\0001\0003\000.\0001\000.\0005\000\040\000P\000r\000e\000v\000e\000r\000i\000N\000a\000p\000e\000t\000o\000s\000t\000i}{subsection.4.13.1}% 448
\BOOKMARK [3][-]{subsubsection.4.13.1.6}{\376\377\0004\000.\0001\0003\000.\0001\000.\0006\000\040\000P\000r\000e\000v\000e\000r\000i\000N\000a\000p\000e\000t\000o\000s\000t\000i}{subsection.4.13.1}% 449
\BOOKMARK [3][-]{subsubsection.4.13.1.7}{\376\377\0004\000.\0001\0003\000.\0001\000.\0007\000\040\000r\000e\000a\000d\000V\000c\000c}{subsection.4.13.1}% 450
\BOOKMARK [3][-]{subsubsection.4.13.1.8}{\376\377\0004\000.\0001\0003\000.\0001\000.\0008\000\040\000T\000o\000k\000\137\0001\0002\000V}{subsection.4.13.1}% 451
\BOOKMARK [3][-]{subsubsection.4.13.1.9}{\376\377\0004\000.\0001\0003\000.\0001\000.\0009\000\040\000V\000o\000l\000t\000a\000g\000e\000D\000i\000v\000i\000d\000e\000r}{subsection.4.13.1}% 452
\BOOKMARK [2][-]{subsection.4.13.2}{\376\377\0004\000.\0001\0003\000.\0002\000\040\000O\000p\000i\000s\000\040\000s\000p\000r\000e\000m\000e\000n\000l\000j\000i\000v\000k\000e}{section.4.13}% 453
\BOOKMARK [3][-]{subsubsection.4.13.2.1}{\376\377\0004\000.\0001\0003\000.\0002\000.\0001\000\040\000m\000i\000d\000R}{subsection.4.13.2}% 454
\BOOKMARK [3][-]{subsubsection.4.13.2.2}{\376\377\0004\000.\0001\0003\000.\0002\000.\0002\000\040\000n\000a\000p\000e\000t\000o\000s\000t\000\137\000i\000n\000t}{subsection.4.13.2}% 455
\BOOKMARK [1][-]{section.4.14}{\376\377\0004\000.\0001\0004\000\040\000D\000a\000t\000o\000t\000e\000k\000a\000\040\000/\000/\000P\000r\000o\0000\0003\000/\000g\000i\000t\000h\000u\000b\000/\000K\000o\000n\000t\000r\000o\000l\000e\000r\000T\000C\000\137\000H\000/\000K\000o\000n\000t\000r\000o\000l\000e\000r\000T\000C\000\137\000M\000e\000g\000a\0002\0005\0006\0000\000\137\000v\0001\000/\000Z\000a\000p\000i\000s\000i\000\137\000s\000d\000.\000h}{chapter.4}% 456
\BOOKMARK [2][-]{subsection.4.14.1}{\376\377\0004\000.\0001\0004\000.\0001\000\040\000O\000p\000i\000s\000\040\000f\000u\000n\000k\000c\000i\000j\000e}{section.4.14}% 457
\BOOKMARK [3][-]{subsubsection.4.14.1.1}{\376\377\0004\000.\0001\0004\000.\0001\000.\0001\000\040\000I\000m\000e\000D\000a\000t\000o\000t\000e\000k\000e}{subsection.4.14.1}% 458
\BOOKMARK [3][-]{subsubsection.4.14.1.2}{\376\377\0004\000.\0001\0004\000.\0001\000.\0002\000\040\000I\000m\000e\000D\000a\000t\000o\000t\000e\000k\000e\000O\000n\000O\000f\000f}{subsection.4.14.1}% 459
\BOOKMARK [3][-]{subsubsection.4.14.1.3}{\376\377\0004\000.\0001\0004\000.\0001\000.\0003\000\040\000I\000z\000p\000i\000s\000D\000a\000t\000a\000O\000n\000O\000f\000f\000S\000e\000r\000i\000a\000l}{subsection.4.14.1}% 460
\BOOKMARK [3][-]{subsubsection.4.14.1.4}{\376\377\0004\000.\0001\0004\000.\0001\000.\0004\000\040\000I\000z\000p\000i\000s\000D\000a\000t\000n\000a\000S\000e\000r\000i\000a\000l}{subsection.4.14.1}% 461
\BOOKMARK [3][-]{subsubsection.4.14.1.5}{\376\377\0004\000.\0001\0004\000.\0001\000.\0005\000\040\000O\000d\000p\000r\000i\000D\000a\000t\000o\000t\000e\000k\000o}{subsection.4.14.1}% 462
\BOOKMARK [3][-]{subsubsection.4.14.1.6}{\376\377\0004\000.\0001\0004\000.\0001\000.\0006\000\040\000P\000r\000i\000n\000t\000T\000e\000m\000p\000A\000l\000l\000S\000D\000b\000i\000n}{subsection.4.14.1}% 463
\BOOKMARK [3][-]{subsubsection.4.14.1.7}{\376\377\0004\000.\0001\0004\000.\0001\000.\0007\000\040\000S\000D\000I\000n\000i\000t}{subsection.4.14.1}% 464
\BOOKMARK [3][-]{subsubsection.4.14.1.8}{\376\377\0004\000.\0001\0004\000.\0001\000.\0008\000\040\000Z\000a\000p\000i\000s\000i\000O\000n\000O\000f\000f\000S\000D}{subsection.4.14.1}% 465
\BOOKMARK [2][-]{subsection.4.14.2}{\376\377\0004\000.\0001\0004\000.\0002\000\040\000O\000p\000i\000s\000\040\000s\000p\000r\000e\000m\000e\000n\000l\000j\000i\000v\000k\000e}{section.4.14}% 466
\BOOKMARK [3][-]{subsubsection.4.14.2.1}{\376\377\0004\000.\0001\0004\000.\0002\000.\0001\000\040\000c\000a\000r\000d\000S\000D}{subsection.4.14.2}% 467
\BOOKMARK [0][-]{section*.36}{\376\377\000I\000n\000d\000e\000k\000s}{}% 468
